2026-05-25 16:47:51 | INFO     | __main__:15 | Ініціалізація AI компонентів...
2026-05-25 16:47:51 | INFO     | src.detection.detector:26 | Детектор ініціалізовано | Пристрій: cuda
2026-05-25 16:47:51 | SUCCESS  | __main__:41 | AI компоненти успішно завантажено.
2026-05-25 16:52:04 | INFO     | __main__:15 | Ініціалізація AI компонентів...
2026-05-25 16:52:04 | INFO     | src.detection.detector:26 | Детектор ініціалізовано | Пристрій: cuda
2026-05-25 16:52:04 | SUCCESS  | __main__:41 | AI компоненти успішно завантажено.
2026-05-25 16:54:03 | INFO     | __main__:15 | Ініціалізація AI компонентів...
2026-05-25 16:54:04 | INFO     | src.detection.detector:26 | Детектор ініціалізовано | Пристрій: cuda
2026-05-25 16:54:04 | SUCCESS  | __main__:41 | AI компоненти успішно завантажено.
2026-05-25 16:54:28 | INFO     | src.core.sniffer:230 | Початок перехоплення трафіку на інтерфейсі Ethernet...
2026-05-25 16:54:28 | INFO     | src.core.engine:57 | Обчислювальне ядро успішно запущено.
2026-05-25 16:59:52 | INFO     | __main__:15 | Ініціалізація AI компонентів...
2026-05-25 16:59:52 | INFO     | src.detection.detector:26 | Детектор ініціалізовано | Пристрій: cuda
2026-05-25 16:59:52 | SUCCESS  | __main__:41 | AI компоненти успішно завантажено.
2026-05-25 17:00:05 | INFO     | src.core.sniffer:230 | Початок перехоплення трафіку на інтерфейсі Ethernet...
2026-05-25 17:00:05 | INFO     | src.core.engine:57 | Обчислювальне ядро успішно запущено.
2026-05-25 17:01:06 | INFO     | src.core.engine:62 | Зупинка обчислювального ядра...
2026-05-25 17:01:08 | INFO     | src.core.sniffer:230 | Початок перехоплення трафіку на інтерфейсі Ethernet 2...
2026-05-25 17:01:08 | INFO     | src.core.engine:57 | Обчислювальне ядро успішно запущено.
2026-05-25 17:01:12 | INFO     | src.core.engine:62 | Зупинка обчислювального ядра...
2026-05-25 17:09:19 | INFO     | __main__:15 | Ініціалізація AI компонентів...
2026-05-25 17:09:19 | INFO     | src.detection.detector:26 | Детектор ініціалізовано | Пристрій: cuda
2026-05-25 17:09:19 | SUCCESS  | __main__:41 | AI компоненти успішно завантажено.
2026-05-25 17:11:24 | INFO     | __main__:15 | Ініціалізація AI компонентів...
2026-05-25 17:11:24 | INFO     | src.detection.detector:26 | Детектор ініціалізовано | Пристрій: cuda
2026-05-25 17:11:24 | SUCCESS  | __main__:41 | AI компоненти успішно завантажено.
2026-05-25 17:11:27 | INFO     | src.core.sniffer:230 | Початок перехоплення трафіку на інтерфейсі Ethernet...
2026-05-25 17:11:27 | INFO     | src.core.engine:57 | Обчислювальне ядро успішно запущено.
2026-05-25 17:11:42 | INFO     | src.core.engine:62 | Зупинка обчислювального ядра...
2026-05-25 17:13:42 | INFO     | src.core.sniffer:230 | Початок перехоплення трафіку на інтерфейсі Ethernet...
2026-05-25 17:13:42 | INFO     | src.core.engine:57 | Обчислювальне ядро успішно запущено.
2026-05-25 17:13:50 | INFO     | src.core.engine:62 | Зупинка обчислювального ядра...
2026-05-25 17:22:35 | INFO     | __main__:15 | Ініціалізація AI компонентів...
2026-05-25 17:22:35 | INFO     | src.detection.detector:26 | Детектор ініціалізовано | Пристрій: cuda
2026-05-25 17:22:35 | SUCCESS  | __main__:41 | AI компоненти успішно завантажено.
2026-05-25 17:26:40 | INFO     | __main__:15 | Ініціалізація AI компонентів...
2026-05-25 17:26:40 | INFO     | src.detection.detector:26 | Детектор ініціалізовано | Пристрій: cuda
2026-05-25 17:26:40 | SUCCESS  | __main__:41 | AI компоненти успішно завантажено.
2026-05-25 17:29:00 | INFO     | src.data.loader:63 | Список файлів порожній, використовуються файли за замовчуванням з директорії: D:\Projects\ddos_detection_app\data\raw
2026-05-25 17:29:00 | INFO     | src.data.loader:73 | Параметри завантаження | Кількість файлів: 11 | Частка вибірки: 10.00%
2026-05-25 17:29:00 | INFO     | src.data.loader:25 | Завантаження файлу: DrDoS_DNS.csv
2026-05-25 17:30:02 | INFO     | __main__:15 | Ініціалізація AI компонентів...
2026-05-25 17:30:02 | INFO     | src.detection.detector:26 | Детектор ініціалізовано | Пристрій: cuda
2026-05-25 17:30:02 | SUCCESS  | __main__:41 | AI компоненти успішно завантажено.
2026-05-25 17:30:47 | INFO     | src.data.loader:65 | Використовується користувацький список файлів з конфігурації.
2026-05-25 17:30:47 | INFO     | src.data.loader:73 | Параметри завантаження | Кількість файлів: 2 | Частка вибірки: 1.00%
2026-05-25 17:30:47 | INFO     | src.data.loader:25 | Завантаження файлу: DrDoS_NTP.csv
2026-05-25 17:31:00 | SUCCESS  | src.data.loader:36 | DrDoS_NTP.csv: 1,217,007 рядків → вибрано 12,170
2026-05-25 17:31:00 | INFO     | src.data.loader:25 | Завантаження файлу: UDPLag.csv
2026-05-25 17:31:04 | SUCCESS  | src.data.loader:36 | UDPLag.csv: 370,605 рядків → вибрано 3,706
2026-05-25 17:31:04 | SUCCESS  | src.data.loader:96 | Всього завантажено для навчання: 15,876 рядків
2026-05-25 17:31:04 | INFO     | src.data.loader:97 | Розподіл класів у вибірці:
 Label
DrDoS_NTP    12010
UDP-lag       3669
BENIGN         191
WebDDoS          6
Name: count, dtype: int64
2026-05-25 17:31:04 | INFO     | src.data.loader:104 | Видалено службових колонок: 9
2026-05-25 17:31:04 | INFO     | src.data.preprocessor:180 | === Початок передобробки ===
2026-05-25 17:31:04 | INFO     | src.data.preprocessor:21 | Назви колонок очищено від пробілів
2026-05-25 17:31:04 | WARNING  | src.data.preprocessor:32 | Знайдено 844 NaN значень — замінюємо медіаною
2026-05-25 17:31:04 | INFO     | src.data.preprocessor:35 | Некоректні значення оброблено
2026-05-25 17:31:04 | INFO     | src.data.preprocessor:55 | Маппінг міток: {'DrDoS_NTP': 1, 'BENIGN': 0, 'UDP-lag': 1, 'WebDDoS': 1}
2026-05-25 17:31:04 | INFO     | src.data.preprocessor:56 | Розподіл: {1: 15685, 0: 191}
2026-05-25 17:31:04 | INFO     | src.data.preprocessor:69 | Вибрано 78 ознак для навчання
2026-05-25 17:31:04 | INFO     | src.data.preprocessor:95 | Видалено 30 корельованих ознак
2026-05-25 17:31:04 | INFO     | src.data.preprocessor:96 | Залишилось 48 ознак
2026-05-25 17:31:04 | INFO     | src.data.preprocessor:158 | Train: 11,112 | Val: 1,588 | Test: 3,176
2026-05-25 17:31:04 | INFO     | src.data.preprocessor:110 | Ознаки нормалізовано (StandardScaler)
2026-05-25 17:31:04 | INFO     | src.data.preprocessor:120 | До балансування: {1: 10978, 0: 134}
2026-05-25 17:31:06 | INFO     | src.data.preprocessor:126 | Після балансування: {1: 10978, 0: 10978}
2026-05-25 17:31:06 | SUCCESS  | src.data.preprocessor:177 | Дані збережено у D:\Projects\ddos_detection_app\data\splits
2026-05-25 17:31:06 | SUCCESS  | src.data.preprocessor:200 | === Передобробка завершена ===
2026-05-25 17:31:06 | INFO     | src.training.trainer:22 | Пристрій: cuda
2026-05-25 17:31:06 | INFO     | src.training.trainer:24 | GPU: NVIDIA GeForce GTX 1650
2026-05-25 17:31:07 | INFO     | src.training.trainer:103 | === Початок навчання ===
2026-05-25 17:31:07 | INFO     | src.training.trainer:104 | Модель: CNN+LSTM Hybrid
2026-05-25 17:31:07 | INFO     | src.training.trainer:105 | Епох: 50 | Batch: 64 | LR: 0.001
2026-05-25 17:31:11 | INFO     | src.training.trainer:130 | Епоха   1/50 | Train Loss: 0.3157 | Train Acc: 0.8894 | Val Loss: 0.3062 | Val Acc: 0.8401
2026-05-25 17:31:11 | SUCCESS  | src.training.trainer:142 | Нова найкраща модель збережена (епоха 1)
2026-05-25 17:31:13 | INFO     | src.training.trainer:130 | Епоха   2/50 | Train Loss: 0.1211 | Train Acc: 0.9646 | Val Loss: 0.0654 | Val Acc: 0.9830
2026-05-25 17:31:13 | SUCCESS  | src.training.trainer:142 | Нова найкраща модель збережена (епоха 2)
2026-05-25 17:31:16 | INFO     | src.training.trainer:130 | Епоха   3/50 | Train Loss: 0.0522 | Train Acc: 0.9902 | Val Loss: 0.0386 | Val Acc: 0.9924
2026-05-25 17:31:16 | SUCCESS  | src.training.trainer:142 | Нова найкраща модель збережена (епоха 3)
2026-05-25 17:31:19 | INFO     | src.training.trainer:130 | Епоха   4/50 | Train Loss: 0.0429 | Train Acc: 0.9920 | Val Loss: 0.0879 | Val Acc: 0.9792
2026-05-25 17:31:21 | INFO     | src.training.trainer:130 | Епоха   5/50 | Train Loss: 0.0295 | Train Acc: 0.9944 | Val Loss: 0.0327 | Val Acc: 0.9937
2026-05-25 17:31:21 | SUCCESS  | src.training.trainer:142 | Нова найкраща модель збережена (епоха 5)
2026-05-25 17:31:24 | INFO     | src.training.trainer:130 | Епоха   6/50 | Train Loss: 0.0254 | Train Acc: 0.9951 | Val Loss: 0.0320 | Val Acc: 0.9943
2026-05-25 17:31:24 | SUCCESS  | src.training.trainer:142 | Нова найкраща модель збережена (епоха 6)
2026-05-25 17:31:27 | INFO     | src.training.trainer:130 | Епоха   7/50 | Train Loss: 0.0181 | Train Acc: 0.9971 | Val Loss: 0.0321 | Val Acc: 0.9943
2026-05-25 17:31:29 | INFO     | src.training.trainer:130 | Епоха   8/50 | Train Loss: 0.0234 | Train Acc: 0.9960 | Val Loss: 0.0317 | Val Acc: 0.9943
2026-05-25 17:31:29 | SUCCESS  | src.training.trainer:142 | Нова найкраща модель збережена (епоха 8)
2026-05-25 17:31:32 | INFO     | src.training.trainer:130 | Епоха   9/50 | Train Loss: 0.0164 | Train Acc: 0.9972 | Val Loss: 0.0265 | Val Acc: 0.9937
2026-05-25 17:31:32 | SUCCESS  | src.training.trainer:142 | Нова найкраща модель збережена (епоха 9)
2026-05-25 17:31:35 | INFO     | src.training.trainer:130 | Епоха  10/50 | Train Loss: 0.0227 | Train Acc: 0.9956 | Val Loss: 0.0293 | Val Acc: 0.9950
2026-05-25 17:31:38 | INFO     | src.training.trainer:130 | Епоха  11/50 | Train Loss: 0.0145 | Train Acc: 0.9975 | Val Loss: 0.0206 | Val Acc: 0.9956
2026-05-25 17:31:38 | SUCCESS  | src.training.trainer:142 | Нова найкраща модель збережена (епоха 11)
2026-05-25 17:31:40 | INFO     | src.training.trainer:130 | Епоха  12/50 | Train Loss: 0.0186 | Train Acc: 0.9980 | Val Loss: 0.0221 | Val Acc: 0.9950
2026-05-25 17:31:43 | INFO     | src.training.trainer:130 | Епоха  13/50 | Train Loss: 0.0154 | Train Acc: 0.9973 | Val Loss: 0.0433 | Val Acc: 0.9849
2026-05-25 17:31:46 | INFO     | src.training.trainer:130 | Епоха  14/50 | Train Loss: 0.0171 | Train Acc: 0.9967 | Val Loss: 0.0251 | Val Acc: 0.9937
2026-05-25 17:31:48 | INFO     | src.training.trainer:130 | Епоха  15/50 | Train Loss: 0.0130 | Train Acc: 0.9979 | Val Loss: 0.0207 | Val Acc: 0.9956
2026-05-25 17:31:51 | INFO     | src.training.trainer:130 | Епоха  16/50 | Train Loss: 0.0121 | Train Acc: 0.9982 | Val Loss: 0.0218 | Val Acc: 0.9956
2026-05-25 17:31:51 | WARNING  | src.training.trainer:146 | Early stopping на епосі 16
2026-05-25 17:31:51 | INFO     | src.training.trainer:147 | Найкраща епоха: 11 | Val Loss: 0.0206
2026-05-25 17:31:51 | SUCCESS  | src.training.trainer:150 | === Навчання завершено ===
2026-05-25 17:31:51 | INFO     | src.training.evaluator:40 | === Оцінка моделі ===
2026-05-25 17:31:51 | INFO     | src.training.evaluator:55 | Accuracy:  0.9975
2026-05-25 17:31:51 | INFO     | src.training.evaluator:56 | Precision: 1.0000
2026-05-25 17:31:51 | INFO     | src.training.evaluator:57 | Recall:    0.9975
2026-05-25 17:31:51 | INFO     | src.training.evaluator:58 | F1 Score:  0.9987
2026-05-25 17:31:51 | INFO     | src.training.evaluator:59 | ROC-AUC:   0.9997
2026-05-25 17:31:51 | INFO     | src.training.evaluator:60 | 
              precision    recall  f1-score   support

      BENIGN       0.83      1.00      0.90        38
        DDoS       1.00      1.00      1.00      3138

    accuracy                           1.00      3176
   macro avg       0.91      1.00      0.95      3176
weighted avg       1.00      1.00      1.00      3176

2026-05-25 17:40:19 | INFO     | __main__:15 | Ініціалізація AI компонентів...
2026-05-25 17:40:19 | INFO     | src.detection.detector:26 | Детектор ініціалізовано | Пристрій: cuda
2026-05-25 17:40:19 | SUCCESS  | __main__:41 | AI компоненти успішно завантажено.
2026-05-25 17:40:26 | INFO     | src.core.sniffer:230 | Початок перехоплення трафіку на інтерфейсі Ethernet...
2026-05-25 17:40:26 | INFO     | src.core.engine:31 | Обчислювальне ядро успішно запущено.
2026-05-25 17:42:59 | INFO     | src.core.engine:35 | Зупинка обчислювального ядра...
2026-05-25 20:26:35 | INFO     | __main__:15 | Ініціалізація AI компонентів...
2026-05-25 20:26:35 | INFO     | src.detection.detector:26 | Детектор ініціалізовано | Пристрій: cuda
2026-05-25 20:26:35 | SUCCESS  | __main__:41 | AI компоненти успішно завантажено.
2026-05-25 20:28:50 | INFO     | __main__:15 | Ініціалізація AI компонентів...
2026-05-25 20:28:50 | INFO     | src.detection.detector:26 | Детектор ініціалізовано | Пристрій: cuda
2026-05-25 20:28:50 | SUCCESS  | __main__:41 | AI компоненти успішно завантажено.
2026-05-25 20:29:33 | INFO     | src.core.sniffer:230 | Початок перехоплення трафіку на інтерфейсі Ethernet...
2026-05-25 20:29:33 | INFO     | src.core.engine:31 | Обчислювальне ядро успішно запущено.
2026-05-25 20:33:33 | INFO     | src.core.engine:35 | Зупинка обчислювального ядра...
2026-05-25 20:33:34 | INFO     | src.core.sniffer:230 | Початок перехоплення трафіку на інтерфейсі Ethernet...
2026-05-25 20:33:34 | INFO     | src.core.engine:31 | Обчислювальне ядро успішно запущено.
2026-05-25 20:33:36 | INFO     | src.core.engine:35 | Зупинка обчислювального ядра...
2026-05-25 20:37:39 | INFO     | src.data.loader:65 | Використовується користувацький список файлів з конфігурації.
2026-05-25 20:37:39 | INFO     | src.data.loader:73 | Параметри завантаження | Кількість файлів: 2 | Частка вибірки: 1.00%
2026-05-25 20:37:39 | INFO     | src.data.loader:25 | Завантаження файлу: DrDoS_NTP.csv
2026-05-25 20:37:53 | SUCCESS  | src.data.loader:36 | DrDoS_NTP.csv: 1,217,007 рядків → вибрано 12,170
2026-05-25 20:37:53 | INFO     | src.data.loader:25 | Завантаження файлу: UDPLag.csv
2026-05-25 20:37:56 | SUCCESS  | src.data.loader:36 | UDPLag.csv: 370,605 рядків → вибрано 3,706
2026-05-25 20:37:56 | SUCCESS  | src.data.loader:96 | Всього завантажено для навчання: 15,876 рядків
2026-05-25 20:37:56 | INFO     | src.data.loader:97 | Розподіл класів у вибірці:
 Label
DrDoS_NTP    12010
UDP-lag       3669
BENIGN         191
WebDDoS          6
Name: count, dtype: int64
2026-05-25 20:37:56 | INFO     | src.data.loader:104 | Видалено службових колонок: 9
2026-05-25 20:37:56 | INFO     | src.data.preprocessor:180 | === Початок передобробки ===
2026-05-25 20:37:56 | INFO     | src.data.preprocessor:21 | Назви колонок очищено від пробілів
2026-05-25 20:37:56 | WARNING  | src.data.preprocessor:32 | Знайдено 844 NaN значень — замінюємо медіаною
2026-05-25 20:37:56 | INFO     | src.data.preprocessor:35 | Некоректні значення оброблено
2026-05-25 20:37:56 | INFO     | src.data.preprocessor:55 | Маппінг міток: {'DrDoS_NTP': 1, 'BENIGN': 0, 'UDP-lag': 1, 'WebDDoS': 1}
2026-05-25 20:37:56 | INFO     | src.data.preprocessor:56 | Розподіл: {1: 15685, 0: 191}
2026-05-25 20:37:56 | INFO     | src.data.preprocessor:69 | Вибрано 78 ознак для навчання
2026-05-25 20:37:57 | INFO     | src.data.preprocessor:95 | Видалено 30 корельованих ознак
2026-05-25 20:37:57 | INFO     | src.data.preprocessor:96 | Залишилось 48 ознак
2026-05-25 20:37:57 | INFO     | src.data.preprocessor:158 | Train: 11,112 | Val: 1,588 | Test: 3,176
2026-05-25 20:37:57 | INFO     | src.data.preprocessor:110 | Ознаки нормалізовано (StandardScaler)
2026-05-25 20:37:57 | INFO     | src.data.preprocessor:120 | До балансування: {1: 10978, 0: 134}
2026-05-25 20:37:59 | INFO     | src.data.preprocessor:126 | Після балансування: {1: 10978, 0: 10978}
2026-05-25 20:37:59 | SUCCESS  | src.data.preprocessor:177 | Дані збережено у D:\Projects\ddos_detection_app\data\splits
2026-05-25 20:37:59 | SUCCESS  | src.data.preprocessor:200 | === Передобробка завершена ===
2026-05-25 20:37:59 | INFO     | src.training.trainer:22 | Пристрій: cuda
2026-05-25 20:37:59 | INFO     | src.training.trainer:24 | GPU: NVIDIA GeForce GTX 1650
2026-05-25 20:38:01 | INFO     | src.training.trainer:103 | === Початок навчання ===
2026-05-25 20:38:01 | INFO     | src.training.trainer:104 | Модель: CNN+LSTM Hybrid
2026-05-25 20:38:01 | INFO     | src.training.trainer:105 | Епох: 50 | Batch: 64 | LR: 0.001
2026-05-25 20:38:04 | INFO     | src.training.trainer:130 | Епоха   1/50 | Train Loss: 0.1363 | Train Acc: 0.9619 | Val Loss: 0.0566 | Val Acc: 0.9906
2026-05-25 20:38:04 | SUCCESS  | src.training.trainer:142 | Нова найкраща модель збережена (епоха 1)
2026-05-25 20:38:07 | INFO     | src.training.trainer:130 | Епоха   2/50 | Train Loss: 0.0508 | Train Acc: 0.9897 | Val Loss: 0.0454 | Val Acc: 0.9937
2026-05-25 20:38:07 | SUCCESS  | src.training.trainer:142 | Нова найкраща модель збережена (епоха 2)
2026-05-25 20:38:09 | INFO     | src.training.trainer:130 | Епоха   3/50 | Train Loss: 0.0467 | Train Acc: 0.9893 | Val Loss: 0.0347 | Val Acc: 0.9918
2026-05-25 20:38:09 | SUCCESS  | src.training.trainer:142 | Нова найкраща модель збережена (епоха 3)
2026-05-25 20:38:12 | INFO     | src.training.trainer:130 | Епоха   4/50 | Train Loss: 0.0342 | Train Acc: 0.9929 | Val Loss: 0.0388 | Val Acc: 0.9918
2026-05-25 20:38:15 | INFO     | src.training.trainer:130 | Епоха   5/50 | Train Loss: 0.0246 | Train Acc: 0.9958 | Val Loss: 0.0337 | Val Acc: 0.9937
2026-05-25 20:38:15 | SUCCESS  | src.training.trainer:142 | Нова найкраща модель збережена (епоха 5)
2026-05-25 20:38:17 | INFO     | src.training.trainer:130 | Епоха   6/50 | Train Loss: 0.0249 | Train Acc: 0.9958 | Val Loss: 0.0360 | Val Acc: 0.9937
2026-05-25 20:38:20 | INFO     | src.training.trainer:130 | Епоха   7/50 | Train Loss: 0.0221 | Train Acc: 0.9961 | Val Loss: 0.0283 | Val Acc: 0.9937
2026-05-25 20:38:20 | SUCCESS  | src.training.trainer:142 | Нова найкраща модель збережена (епоха 7)
2026-05-25 20:38:23 | INFO     | src.training.trainer:130 | Епоха   8/50 | Train Loss: 0.0218 | Train Acc: 0.9962 | Val Loss: 0.0362 | Val Acc: 0.9937
2026-05-25 20:38:26 | INFO     | src.training.trainer:130 | Епоха   9/50 | Train Loss: 0.0238 | Train Acc: 0.9957 | Val Loss: 0.0244 | Val Acc: 0.9950
2026-05-25 20:38:26 | SUCCESS  | src.training.trainer:142 | Нова найкраща модель збережена (епоха 9)
2026-05-25 20:38:28 | INFO     | src.training.trainer:130 | Епоха  10/50 | Train Loss: 0.0207 | Train Acc: 0.9964 | Val Loss: 0.0264 | Val Acc: 0.9950
2026-05-25 20:38:31 | INFO     | src.training.trainer:130 | Епоха  11/50 | Train Loss: 0.0168 | Train Acc: 0.9966 | Val Loss: 0.0285 | Val Acc: 0.9950
2026-05-25 20:38:34 | INFO     | src.training.trainer:130 | Епоха  12/50 | Train Loss: 0.0148 | Train Acc: 0.9970 | Val Loss: 0.0296 | Val Acc: 0.9950
2026-05-25 20:38:37 | INFO     | src.training.trainer:130 | Епоха  13/50 | Train Loss: 0.0212 | Train Acc: 0.9955 | Val Loss: 0.0365 | Val Acc: 0.9937
2026-05-25 20:38:39 | INFO     | src.training.trainer:130 | Епоха  14/50 | Train Loss: 0.0159 | Train Acc: 0.9966 | Val Loss: 0.0276 | Val Acc: 0.9956
2026-05-25 20:38:39 | WARNING  | src.training.trainer:146 | Early stopping на епосі 14
2026-05-25 20:38:39 | INFO     | src.training.trainer:147 | Найкраща епоха: 9 | Val Loss: 0.0244
2026-05-25 20:38:39 | SUCCESS  | src.training.trainer:150 | === Навчання завершено ===
2026-05-25 20:38:39 | INFO     | src.training.evaluator:40 | === Оцінка моделі ===
2026-05-25 20:38:40 | INFO     | src.training.evaluator:55 | Accuracy:  0.9969
2026-05-25 20:38:40 | INFO     | src.training.evaluator:56 | Precision: 0.9997
2026-05-25 20:38:40 | INFO     | src.training.evaluator:57 | Recall:    0.9971
2026-05-25 20:38:40 | INFO     | src.training.evaluator:58 | F1 Score:  0.9984
2026-05-25 20:38:40 | INFO     | src.training.evaluator:59 | ROC-AUC:   0.9958
2026-05-25 20:38:40 | INFO     | src.training.evaluator:60 | 
              precision    recall  f1-score   support

      BENIGN       0.80      0.97      0.88        38
        DDoS       1.00      1.00      1.00      3138

    accuracy                           1.00      3176
   macro avg       0.90      0.99      0.94      3176
weighted avg       1.00      1.00      1.00      3176

2026-05-25 20:38:56 | INFO     | __main__:15 | Ініціалізація AI компонентів...
2026-05-25 20:38:56 | INFO     | src.detection.detector:26 | Детектор ініціалізовано | Пристрій: cuda
2026-05-25 20:38:56 | SUCCESS  | __main__:41 | AI компоненти успішно завантажено.
2026-05-25 20:39:00 | INFO     | src.core.sniffer:230 | Початок перехоплення трафіку на інтерфейсі Ethernet...
2026-05-25 20:39:00 | INFO     | src.core.engine:31 | Обчислювальне ядро успішно запущено.
2026-05-25 20:42:45 | INFO     | __main__:15 | Ініціалізація AI компонентів...
2026-05-25 20:42:45 | INFO     | src.detection.detector:26 | Детектор ініціалізовано | Пристрій: cuda
2026-05-25 20:42:45 | SUCCESS  | __main__:41 | AI компоненти успішно завантажено.
2026-05-25 20:42:50 | INFO     | src.core.sniffer:230 | Початок перехоплення трафіку на інтерфейсі Ethernet...
2026-05-25 20:42:50 | INFO     | src.core.engine:31 | Обчислювальне ядро успішно запущено.
2026-05-25 20:44:07 | INFO     | src.core.engine:35 | Зупинка обчислювального ядра...
2026-05-25 20:48:37 | INFO     | __main__:15 | Ініціалізація AI компонентів...
2026-05-25 20:48:37 | INFO     | src.detection.detector:26 | Детектор ініціалізовано | Пристрій: cuda
2026-05-25 20:48:37 | SUCCESS  | __main__:41 | AI компоненти успішно завантажено.
2026-05-25 20:49:09 | INFO     | src.core.sniffer:230 | Початок перехоплення трафіку на інтерфейсі Ethernet...
2026-05-25 20:49:09 | INFO     | src.core.engine:31 | Обчислювальне ядро успішно запущено.
2026-05-25 20:49:53 | INFO     | src.core.engine:35 | Зупинка обчислювального ядра...
2026-05-25 20:50:03 | INFO     | src.core.sniffer:230 | Початок перехоплення трафіку на інтерфейсі Ethernet...
2026-05-25 20:50:03 | INFO     | src.core.engine:31 | Обчислювальне ядро успішно запущено.
2026-05-25 20:50:35 | INFO     | src.core.engine:35 | Зупинка обчислювального ядра...
2026-05-25 20:54:35 | INFO     | __main__:15 | Ініціалізація AI компонентів...
2026-05-25 20:54:36 | INFO     | src.detection.detector:26 | Детектор ініціалізовано | Пристрій: cuda
2026-05-25 20:54:36 | SUCCESS  | __main__:41 | AI компоненти успішно завантажено.
2026-05-25 20:54:42 | INFO     | src.core.sniffer:230 | Початок перехоплення трафіку на інтерфейсі Ethernet...
2026-05-25 20:54:42 | INFO     | src.core.engine:31 | Обчислювальне ядро успішно запущено.
2026-05-25 21:00:08 | INFO     | src.core.engine:35 | Зупинка обчислювального ядра...
2026-05-25 21:00:29 | INFO     | src.data.loader:65 | Використовується користувацький список файлів з конфігурації.
2026-05-25 21:00:29 | INFO     | src.data.loader:73 | Параметри завантаження | Кількість файлів: 2 | Частка вибірки: 1.00%
2026-05-25 21:00:29 | INFO     | src.data.loader:25 | Завантаження файлу: DrDoS_NTP.csv
2026-05-25 21:00:50 | INFO     | src.data.loader:65 | Використовується користувацький список файлів з конфігурації.
2026-05-25 21:00:50 | INFO     | src.data.loader:73 | Параметри завантаження | Кількість файлів: 2 | Частка вибірки: 1.00%
2026-05-25 21:00:50 | INFO     | src.data.loader:25 | Завантаження файлу: DrDoS_NTP.csv
2026-05-25 21:01:05 | SUCCESS  | src.data.loader:36 | DrDoS_NTP.csv: 1,217,007 рядків → вибрано 12,170
2026-05-25 21:01:05 | INFO     | src.data.loader:25 | Завантаження файлу: UDPLag.csv
2026-05-25 21:01:08 | SUCCESS  | src.data.loader:36 | UDPLag.csv: 370,605 рядків → вибрано 3,706
2026-05-25 21:01:08 | SUCCESS  | src.data.loader:96 | Всього завантажено для навчання: 15,876 рядків
2026-05-25 21:01:08 | INFO     | src.data.loader:97 | Розподіл класів у вибірці:
 Label
DrDoS_NTP    12010
UDP-lag       3669
BENIGN         191
WebDDoS          6
Name: count, dtype: int64
2026-05-25 21:01:08 | INFO     | src.data.loader:104 | Видалено службових колонок: 9
2026-05-25 21:01:08 | INFO     | src.data.preprocessor:180 | === Початок передобробки ===
2026-05-25 21:01:08 | INFO     | src.data.preprocessor:21 | Назви колонок очищено від пробілів
2026-05-25 21:01:08 | WARNING  | src.data.preprocessor:32 | Знайдено 844 NaN значень — замінюємо медіаною
2026-05-25 21:01:08 | INFO     | src.data.preprocessor:35 | Некоректні значення оброблено
2026-05-25 21:01:08 | INFO     | src.data.preprocessor:55 | Маппінг міток: {'DrDoS_NTP': 1, 'BENIGN': 0, 'UDP-lag': 1, 'WebDDoS': 1}
2026-05-25 21:01:08 | INFO     | src.data.preprocessor:56 | Розподіл: {1: 15685, 0: 191}
2026-05-25 21:01:08 | INFO     | src.data.preprocessor:69 | Вибрано 78 ознак для навчання
2026-05-25 21:01:09 | INFO     | src.data.preprocessor:95 | Видалено 30 корельованих ознак
2026-05-25 21:01:09 | INFO     | src.data.preprocessor:96 | Залишилось 48 ознак
2026-05-25 21:01:09 | INFO     | src.data.preprocessor:158 | Train: 11,112 | Val: 1,588 | Test: 3,176
2026-05-25 21:01:09 | INFO     | src.data.preprocessor:110 | Ознаки нормалізовано (StandardScaler)
2026-05-25 21:01:09 | INFO     | src.data.preprocessor:120 | До балансування: {1: 10978, 0: 134}
2026-05-25 21:01:10 | INFO     | src.data.preprocessor:126 | Після балансування: {1: 10978, 0: 10978}
2026-05-25 21:01:10 | SUCCESS  | src.data.preprocessor:177 | Дані збережено у D:\Projects\ddos_detection_app\data\splits
2026-05-25 21:01:10 | SUCCESS  | src.data.preprocessor:200 | === Передобробка завершена ===
2026-05-25 21:01:10 | INFO     | src.training.trainer:22 | Пристрій: cuda
2026-05-25 21:01:10 | INFO     | src.training.trainer:24 | GPU: NVIDIA GeForce GTX 1650
2026-05-25 21:01:11 | INFO     | src.training.trainer:103 | === Початок навчання ===
2026-05-25 21:01:11 | INFO     | src.training.trainer:104 | Модель: CNN+LSTM Hybrid
2026-05-25 21:01:11 | INFO     | src.training.trainer:105 | Епох: 50 | Batch: 64 | LR: 0.001
2026-05-25 21:01:14 | INFO     | src.training.trainer:130 | Епоха   1/50 | Train Loss: 0.1443 | Train Acc: 0.9575 | Val Loss: 0.0685 | Val Acc: 0.9742
2026-05-25 21:01:14 | SUCCESS  | src.training.trainer:142 | Нова найкраща модель збережена (епоха 1)
2026-05-25 21:01:17 | INFO     | src.training.trainer:130 | Епоха   2/50 | Train Loss: 0.0617 | Train Acc: 0.9868 | Val Loss: 0.0371 | Val Acc: 0.9931
2026-05-25 21:01:17 | SUCCESS  | src.training.trainer:142 | Нова найкраща модель збережена (епоха 2)
2026-05-25 21:01:20 | INFO     | src.training.trainer:130 | Епоха   3/50 | Train Loss: 0.0442 | Train Acc: 0.9911 | Val Loss: 0.0374 | Val Acc: 0.9931
2026-05-25 21:01:23 | INFO     | src.training.trainer:130 | Епоха   4/50 | Train Loss: 0.0337 | Train Acc: 0.9935 | Val Loss: 0.0335 | Val Acc: 0.9931
2026-05-25 21:01:23 | SUCCESS  | src.training.trainer:142 | Нова найкраща модель збережена (епоха 4)
2026-05-25 21:01:25 | INFO     | src.training.trainer:130 | Епоха   5/50 | Train Loss: 0.0315 | Train Acc: 0.9939 | Val Loss: 0.0327 | Val Acc: 0.9937
2026-05-25 21:01:25 | SUCCESS  | src.training.trainer:142 | Нова найкраща модель збережена (епоха 5)
2026-05-25 21:01:28 | INFO     | src.training.trainer:130 | Епоха   6/50 | Train Loss: 0.0273 | Train Acc: 0.9946 | Val Loss: 0.0332 | Val Acc: 0.9937
2026-05-25 21:01:48 | INFO     | src.data.loader:65 | Використовується користувацький список файлів з конфігурації.
2026-05-25 21:01:48 | INFO     | src.data.loader:73 | Параметри завантаження | Кількість файлів: 2 | Частка вибірки: 1.00%
2026-05-25 21:01:48 | INFO     | src.data.loader:25 | Завантаження файлу: DrDoS_NTP.csv
2026-05-25 21:02:02 | INFO     | src.data.loader:65 | Використовується користувацький список файлів з конфігурації.
2026-05-25 21:02:02 | INFO     | src.data.loader:73 | Параметри завантаження | Кількість файлів: 2 | Частка вибірки: 1.00%
2026-05-25 21:02:02 | INFO     | src.data.loader:25 | Завантаження файлу: DrDoS_NTP.csv
2026-05-25 21:02:16 | SUCCESS  | src.data.loader:36 | DrDoS_NTP.csv: 1,217,007 рядків → вибрано 12,170
2026-05-25 21:02:16 | INFO     | src.data.loader:25 | Завантаження файлу: UDPLag.csv
2026-05-25 21:02:19 | SUCCESS  | src.data.loader:36 | UDPLag.csv: 370,605 рядків → вибрано 3,706
2026-05-25 21:02:19 | SUCCESS  | src.data.loader:96 | Всього завантажено для навчання: 15,876 рядків
2026-05-25 21:02:19 | INFO     | src.data.loader:97 | Розподіл класів у вибірці:
 Label
DrDoS_NTP    12010
UDP-lag       3669
BENIGN         191
WebDDoS          6
Name: count, dtype: int64
2026-05-25 21:02:19 | INFO     | src.data.loader:104 | Видалено службових колонок: 9
2026-05-25 21:02:19 | INFO     | src.data.preprocessor:180 | === Початок передобробки ===
2026-05-25 21:02:19 | INFO     | src.data.preprocessor:21 | Назви колонок очищено від пробілів
2026-05-25 21:02:19 | WARNING  | src.data.preprocessor:32 | Знайдено 844 NaN значень — замінюємо медіаною
2026-05-25 21:02:19 | INFO     | src.data.preprocessor:35 | Некоректні значення оброблено
2026-05-25 21:02:20 | INFO     | src.data.preprocessor:55 | Маппінг міток: {'DrDoS_NTP': 1, 'BENIGN': 0, 'UDP-lag': 1, 'WebDDoS': 1}
2026-05-25 21:02:20 | INFO     | src.data.preprocessor:56 | Розподіл: {1: 15685, 0: 191}
2026-05-25 21:02:20 | INFO     | src.data.preprocessor:69 | Вибрано 78 ознак для навчання
2026-05-25 21:02:20 | INFO     | src.data.preprocessor:95 | Видалено 30 корельованих ознак
2026-05-25 21:02:20 | INFO     | src.data.preprocessor:96 | Залишилось 48 ознак
2026-05-25 21:02:20 | INFO     | src.data.preprocessor:158 | Train: 11,112 | Val: 1,588 | Test: 3,176
2026-05-25 21:02:20 | INFO     | src.data.preprocessor:110 | Ознаки нормалізовано (StandardScaler)
2026-05-25 21:02:20 | INFO     | src.data.preprocessor:120 | До балансування: {1: 10978, 0: 134}
2026-05-25 21:06:20 | INFO     | __main__:15 | Ініціалізація AI компонентів...
2026-05-25 21:06:20 | INFO     | src.detection.detector:26 | Детектор ініціалізовано | Пристрій: cuda
2026-05-25 21:06:20 | SUCCESS  | __main__:41 | AI компоненти успішно завантажено.
2026-05-25 21:06:42 | INFO     | src.data.loader:64 | Використовується список файлів, обраний у графічному інтерфейсі.
2026-05-25 21:06:42 | INFO     | src.data.loader:71 | Параметри завантаження | Кількість файлів: 4 | Частка вибірки: 5.00%
2026-05-25 21:06:42 | INFO     | src.data.loader:25 | Завантаження файлу: UDPLag.csv
2026-05-25 21:06:46 | SUCCESS  | src.data.loader:36 | UDPLag.csv: 370,605 рядків → вибрано 18,530
2026-05-25 21:06:46 | INFO     | src.data.loader:25 | Завантаження файлу: DrDoS_NTP.csv
2026-05-25 21:06:59 | SUCCESS  | src.data.loader:36 | DrDoS_NTP.csv: 1,217,007 рядків → вибрано 60,850
2026-05-25 21:06:59 | INFO     | src.data.loader:25 | Завантаження файлу: DrDoS_LDAP.csv
2026-05-25 21:07:21 | SUCCESS  | src.data.loader:36 | DrDoS_LDAP.csv: 2,181,542 рядків → вибрано 109,077
2026-05-25 21:07:21 | INFO     | src.data.loader:25 | Завантаження файлу: DrDoS_SSDP.csv
2026-05-25 21:07:51 | SUCCESS  | src.data.loader:36 | DrDoS_SSDP.csv: 2,611,374 рядків → вибрано 130,569
2026-05-25 21:07:51 | SUCCESS  | src.data.loader:94 | Всього завантажено для навчання: 319,026 рядків
2026-05-25 21:07:51 | INFO     | src.data.loader:95 | Розподіл класів у вибірці:
 Label
DrDoS_SSDP    130537
DrDoS_LDAP    108991
DrDoS_NTP      60114
UDP-lag        18342
BENIGN          1015
WebDDoS           27
Name: count, dtype: int64
2026-05-25 21:07:51 | INFO     | src.data.loader:102 | Видалено службових колонок: 9
2026-05-25 21:07:51 | INFO     | src.data.preprocessor:180 | === Початок передобробки ===
2026-05-25 21:07:51 | INFO     | src.data.preprocessor:21 | Назви колонок очищено від пробілів
2026-05-25 21:07:52 | WARNING  | src.data.preprocessor:32 | Знайдено 12,302 NaN значень — замінюємо медіаною
2026-05-25 21:07:52 | INFO     | src.data.preprocessor:35 | Некоректні значення оброблено
2026-05-25 21:07:52 | INFO     | src.data.preprocessor:55 | Маппінг міток: {'UDP-lag': 1, 'BENIGN': 0, 'WebDDoS': 1, 'DrDoS_NTP': 1, 'DrDoS_LDAP': 1, 'DrDoS_SSDP': 1}
2026-05-25 21:07:52 | INFO     | src.data.preprocessor:56 | Розподіл: {1: 318011, 0: 1015}
2026-05-25 21:07:52 | INFO     | src.data.preprocessor:69 | Вибрано 78 ознак для навчання
2026-05-25 21:07:56 | INFO     | src.data.preprocessor:95 | Видалено 29 корельованих ознак
2026-05-25 21:07:56 | INFO     | src.data.preprocessor:96 | Залишилось 49 ознак
2026-05-25 21:07:57 | INFO     | src.data.preprocessor:158 | Train: 223,317 | Val: 31,903 | Test: 63,806
2026-05-25 21:07:57 | INFO     | src.data.preprocessor:110 | Ознаки нормалізовано (StandardScaler)
2026-05-25 21:07:57 | INFO     | src.data.preprocessor:120 | До балансування: {1: 222607, 0: 710}
2026-05-25 21:07:59 | INFO     | src.data.preprocessor:126 | Після балансування: {1: 222607, 0: 222607}
2026-05-25 21:07:59 | SUCCESS  | src.data.preprocessor:177 | Дані збережено у D:\Projects\ddos_detection_app\data\splits
2026-05-25 21:07:59 | SUCCESS  | src.data.preprocessor:200 | === Передобробка завершена ===
2026-05-25 21:08:00 | INFO     | src.training.trainer:22 | Пристрій: cuda
2026-05-25 21:08:00 | INFO     | src.training.trainer:24 | GPU: NVIDIA GeForce GTX 1650
2026-05-25 21:08:01 | INFO     | src.training.trainer:103 | === Початок навчання ===
2026-05-25 21:08:01 | INFO     | src.training.trainer:104 | Модель: CNN+LSTM Hybrid
2026-05-25 21:08:01 | INFO     | src.training.trainer:105 | Епох: 50 | Batch: 64 | LR: 0.001
2026-05-25 21:09:00 | INFO     | src.training.trainer:130 | Епоха   1/50 | Train Loss: 0.0445 | Train Acc: 0.9875 | Val Loss: 0.0084 | Val Acc: 0.9983
2026-05-25 21:09:00 | SUCCESS  | src.training.trainer:142 | Нова найкраща модель збережена (епоха 1)
2026-05-25 21:10:03 | INFO     | src.training.trainer:130 | Епоха   2/50 | Train Loss: 0.0089 | Train Acc: 0.9985 | Val Loss: 0.0085 | Val Acc: 0.9990
2026-05-25 21:11:05 | INFO     | src.training.trainer:130 | Епоха   3/50 | Train Loss: 0.0074 | Train Acc: 0.9988 | Val Loss: 0.0064 | Val Acc: 0.9990
2026-05-25 21:11:05 | SUCCESS  | src.training.trainer:142 | Нова найкраща модель збережена (епоха 3)
2026-05-25 21:12:07 | INFO     | src.training.trainer:130 | Епоха   4/50 | Train Loss: 0.0057 | Train Acc: 0.9989 | Val Loss: 0.0057 | Val Acc: 0.9991
2026-05-25 21:12:07 | SUCCESS  | src.training.trainer:142 | Нова найкраща модель збережена (епоха 4)
2026-05-25 21:13:09 | INFO     | src.training.trainer:130 | Епоха   5/50 | Train Loss: 0.0046 | Train Acc: 0.9991 | Val Loss: 0.0063 | Val Acc: 0.9991
2026-05-25 21:14:07 | INFO     | src.training.trainer:130 | Епоха   6/50 | Train Loss: 0.0047 | Train Acc: 0.9991 | Val Loss: 0.0051 | Val Acc: 0.9994
2026-05-25 21:14:07 | SUCCESS  | src.training.trainer:142 | Нова найкраща модель збережена (епоха 6)
2026-05-25 21:15:04 | INFO     | src.training.trainer:130 | Епоха   7/50 | Train Loss: 0.0042 | Train Acc: 0.9993 | Val Loss: 0.0058 | Val Acc: 0.9992
2026-05-25 21:16:01 | INFO     | src.training.trainer:130 | Епоха   8/50 | Train Loss: 0.0041 | Train Acc: 0.9993 | Val Loss: 0.0043 | Val Acc: 0.9994
2026-05-25 21:16:01 | SUCCESS  | src.training.trainer:142 | Нова найкраща модель збережена (епоха 8)
2026-05-25 21:16:59 | INFO     | src.training.trainer:130 | Епоха   9/50 | Train Loss: 0.0036 | Train Acc: 0.9993 | Val Loss: 0.0043 | Val Acc: 0.9994
2026-05-25 21:16:59 | SUCCESS  | src.training.trainer:142 | Нова найкраща модель збережена (епоха 9)
2026-05-25 21:17:56 | INFO     | src.training.trainer:130 | Епоха  10/50 | Train Loss: 0.0034 | Train Acc: 0.9994 | Val Loss: 0.0042 | Val Acc: 0.9990
2026-05-25 21:17:56 | SUCCESS  | src.training.trainer:142 | Нова найкраща модель збережена (епоха 10)
2026-05-25 21:18:56 | INFO     | src.training.trainer:130 | Епоха  11/50 | Train Loss: 0.0034 | Train Acc: 0.9995 | Val Loss: 0.0067 | Val Acc: 0.9994
2026-05-25 21:19:59 | INFO     | src.training.trainer:130 | Епоха  12/50 | Train Loss: 0.0031 | Train Acc: 0.9994 | Val Loss: 0.0080 | Val Acc: 0.9994
2026-05-25 21:20:57 | INFO     | src.training.trainer:130 | Епоха  13/50 | Train Loss: 0.0035 | Train Acc: 0.9994 | Val Loss: 0.0072 | Val Acc: 0.9993
2026-05-25 21:21:54 | INFO     | src.training.trainer:130 | Епоха  14/50 | Train Loss: 0.0038 | Train Acc: 0.9994 | Val Loss: 0.0082 | Val Acc: 0.9995
2026-05-25 21:22:53 | INFO     | src.training.trainer:130 | Епоха  15/50 | Train Loss: 0.0025 | Train Acc: 0.9996 | Val Loss: 0.0064 | Val Acc: 0.9994
2026-05-25 21:22:53 | WARNING  | src.training.trainer:146 | Early stopping на епосі 15
2026-05-25 21:22:53 | INFO     | src.training.trainer:147 | Найкраща епоха: 10 | Val Loss: 0.0042
2026-05-25 21:22:53 | SUCCESS  | src.training.trainer:150 | === Навчання завершено ===
2026-05-25 21:22:53 | INFO     | src.training.evaluator:40 | === Оцінка моделі ===
2026-05-25 21:22:56 | INFO     | src.training.evaluator:55 | Accuracy:  0.9992
2026-05-25 21:22:56 | INFO     | src.training.evaluator:56 | Precision: 1.0000
2026-05-25 21:22:56 | INFO     | src.training.evaluator:57 | Recall:    0.9992
2026-05-25 21:22:56 | INFO     | src.training.evaluator:58 | F1 Score:  0.9996
2026-05-25 21:22:56 | INFO     | src.training.evaluator:59 | ROC-AUC:   0.9975
2026-05-25 21:22:56 | INFO     | src.training.evaluator:60 | 
              precision    recall  f1-score   support

      BENIGN       0.80      0.99      0.89       203
        DDoS       1.00      1.00      1.00     63603

    accuracy                           1.00     63806
   macro avg       0.90      0.99      0.94     63806
weighted avg       1.00      1.00      1.00     63806

2026-05-25 21:24:17 | INFO     | __main__:15 | Ініціалізація AI компонентів...
2026-05-25 21:24:17 | INFO     | src.detection.detector:26 | Детектор ініціалізовано | Пристрій: cuda
2026-05-25 21:24:17 | SUCCESS  | __main__:41 | AI компоненти успішно завантажено.
2026-05-25 21:36:06 | INFO     | src.core.sniffer:230 | Початок перехоплення трафіку на інтерфейсі Ethernet...
2026-05-25 21:36:06 | INFO     | src.core.engine:31 | Обчислювальне ядро успішно запущено.
2026-05-25 21:37:19 | INFO     | src.core.engine:35 | Зупинка обчислювального ядра...
2026-05-25 21:37:31 | INFO     | src.core.sniffer:230 | Початок перехоплення трафіку на інтерфейсі Npcap Loopback Adapter...
2026-05-25 21:37:31 | INFO     | src.core.engine:31 | Обчислювальне ядро успішно запущено.
2026-05-25 21:37:42 | INFO     | src.core.engine:35 | Зупинка обчислювального ядра...
2026-05-25 21:37:42 | INFO     | src.core.sniffer:230 | Початок перехоплення трафіку на інтерфейсі Ethernet...
2026-05-25 21:37:42 | INFO     | src.core.engine:31 | Обчислювальне ядро успішно запущено.
2026-05-25 21:38:17 | INFO     | src.core.engine:35 | Зупинка обчислювального ядра...
2026-05-25 21:44:09 | INFO     | __main__:15 | Ініціалізація AI компонентів...
2026-05-25 21:44:09 | INFO     | src.detection.detector:26 | Детектор ініціалізовано | Пристрій: cuda
2026-05-25 21:44:09 | SUCCESS  | __main__:41 | AI компоненти успішно завантажено.
2026-05-25 21:45:12 | INFO     | src.data.loader:64 | Використовується список файлів, обраний у графічному інтерфейсі.
2026-05-25 21:45:12 | INFO     | src.data.loader:71 | Параметри завантаження | Кількість файлів: 4 | Частка вибірки: 4.00%
2026-05-25 21:45:12 | INFO     | src.data.loader:25 | Завантаження файлу: UDPLag.csv
2026-05-25 21:45:16 | SUCCESS  | src.data.loader:36 | UDPLag.csv: 370,605 рядків → вибрано 14,824
2026-05-25 21:45:16 | INFO     | src.data.loader:25 | Завантаження файлу: DrDoS_NTP.csv
2026-05-25 21:45:30 | SUCCESS  | src.data.loader:36 | DrDoS_NTP.csv: 1,217,007 рядків → вибрано 48,680
2026-05-25 21:45:30 | INFO     | src.data.loader:25 | Завантаження файлу: DrDoS_UDP.csv
2026-05-25 21:46:03 | SUCCESS  | src.data.loader:36 | DrDoS_UDP.csv: 3,136,802 рядків → вибрано 125,472
2026-05-25 21:46:03 | INFO     | src.data.loader:25 | Завантаження файлу: DrDoS_DNS.csv
2026-05-25 21:46:53 | SUCCESS  | src.data.loader:36 | DrDoS_DNS.csv: 5,074,413 рядків → вибрано 202,977
2026-05-25 21:46:53 | SUCCESS  | src.data.loader:94 | Всього завантажено для навчання: 391,953 рядків
2026-05-25 21:46:53 | INFO     | src.data.loader:95 | Розподіл класів у вибірці:
 Label
DrDoS_DNS    202839
DrDoS_UDP    125395
DrDoS_NTP     48081
UDP-lag       14672
BENIGN          949
WebDDoS          17
Name: count, dtype: int64
2026-05-25 21:46:54 | INFO     | src.data.loader:102 | Видалено службових колонок: 9
2026-05-25 21:46:54 | INFO     | src.data.preprocessor:180 | === Початок передобробки ===
2026-05-25 21:46:54 | INFO     | src.data.preprocessor:21 | Назви колонок очищено від пробілів
2026-05-25 21:46:54 | WARNING  | src.data.preprocessor:32 | Знайдено 19,364 NaN значень — замінюємо медіаною
2026-05-25 21:46:55 | INFO     | src.data.preprocessor:35 | Некоректні значення оброблено
2026-05-25 21:46:55 | INFO     | src.data.preprocessor:55 | Маппінг міток: {'UDP-lag': 1, 'BENIGN': 0, 'WebDDoS': 1, 'DrDoS_NTP': 1, 'DrDoS_UDP': 1, 'DrDoS_DNS': 1}
2026-05-25 21:46:55 | INFO     | src.data.preprocessor:56 | Розподіл: {1: 391004, 0: 949}
2026-05-25 21:46:55 | INFO     | src.data.preprocessor:69 | Вибрано 78 ознак для навчання
2026-05-25 21:47:00 | INFO     | src.data.preprocessor:95 | Видалено 27 корельованих ознак
2026-05-25 21:47:00 | INFO     | src.data.preprocessor:96 | Залишилось 51 ознак
2026-05-25 21:47:00 | INFO     | src.data.preprocessor:158 | Train: 274,366 | Val: 39,196 | Test: 78,391
2026-05-25 21:47:01 | INFO     | src.data.preprocessor:110 | Ознаки нормалізовано (StandardScaler)
2026-05-25 21:47:01 | INFO     | src.data.preprocessor:120 | До балансування: {1: 273702, 0: 664}
2026-05-25 21:47:03 | INFO     | src.data.preprocessor:126 | Після балансування: {1: 273702, 0: 273702}
2026-05-25 21:47:04 | SUCCESS  | src.data.preprocessor:177 | Дані збережено у D:\Projects\ddos_detection_app\data\splits
2026-05-25 21:47:04 | SUCCESS  | src.data.preprocessor:200 | === Передобробка завершена ===
2026-05-25 21:47:04 | INFO     | src.training.trainer:23 | Пристрій: cuda
2026-05-25 21:47:04 | INFO     | src.training.trainer:25 | GPU: NVIDIA GeForce GTX 1650
2026-05-25 21:47:05 | INFO     | src.training.trainer:114 | === Початок навчання ===
2026-05-25 21:47:05 | INFO     | src.training.trainer:115 | Модель: CNN+LSTM Hybrid
2026-05-25 21:47:05 | INFO     | src.training.trainer:116 | Епох: 20 | Batch: 50 | LR: 0.001
2026-05-25 21:48:23 | INFO     | src.training.trainer:141 | Епоха   1/20 | Train Loss: 0.0671 | Train Acc: 0.9797 | Val Loss: 0.0114 | Val Acc: 0.9979
2026-05-25 21:48:23 | SUCCESS  | src.training.trainer:153 | Нова найкраща модель збережена (епоха 1)
2026-05-25 21:49:43 | INFO     | src.training.trainer:141 | Епоха   2/20 | Train Loss: 0.0136 | Train Acc: 0.9970 | Val Loss: 0.0077 | Val Acc: 0.9992
2026-05-25 21:49:43 | SUCCESS  | src.training.trainer:153 | Нова найкраща модель збережена (епоха 2)
2026-05-25 21:51:00 | INFO     | src.training.trainer:141 | Епоха   3/20 | Train Loss: 0.0088 | Train Acc: 0.9984 | Val Loss: 0.0075 | Val Acc: 0.9989
2026-05-25 21:51:00 | SUCCESS  | src.training.trainer:153 | Нова найкраща модель збережена (епоха 3)
2026-05-25 21:52:18 | INFO     | src.training.trainer:141 | Епоха   4/20 | Train Loss: 0.0074 | Train Acc: 0.9987 | Val Loss: 0.0064 | Val Acc: 0.9993
2026-05-25 21:52:18 | SUCCESS  | src.training.trainer:153 | Нова найкраща модель збережена (епоха 4)
2026-05-25 21:53:37 | INFO     | src.training.trainer:141 | Епоха   5/20 | Train Loss: 0.0065 | Train Acc: 0.9988 | Val Loss: 0.0045 | Val Acc: 0.9993
2026-05-25 21:53:37 | SUCCESS  | src.training.trainer:153 | Нова найкраща модель збережена (епоха 5)
2026-05-25 21:54:54 | INFO     | src.training.trainer:141 | Епоха   6/20 | Train Loss: 0.0053 | Train Acc: 0.9989 | Val Loss: 0.0038 | Val Acc: 0.9988
2026-05-25 21:54:54 | SUCCESS  | src.training.trainer:153 | Нова найкраща модель збережена (епоха 6)
2026-05-25 21:56:11 | INFO     | src.training.trainer:141 | Епоха   7/20 | Train Loss: 0.0049 | Train Acc: 0.9989 | Val Loss: 0.0045 | Val Acc: 0.9987
2026-05-25 21:57:28 | INFO     | src.training.trainer:141 | Епоха   8/20 | Train Loss: 0.0044 | Train Acc: 0.9990 | Val Loss: 0.0043 | Val Acc: 0.9988
2026-05-25 21:58:46 | INFO     | src.training.trainer:141 | Епоха   9/20 | Train Loss: 0.0043 | Train Acc: 0.9991 | Val Loss: 0.0047 | Val Acc: 0.9988
2026-05-25 22:00:02 | INFO     | src.training.trainer:141 | Епоха  10/20 | Train Loss: 0.0036 | Train Acc: 0.9991 | Val Loss: 0.0054 | Val Acc: 0.9987
2026-05-25 22:01:19 | INFO     | src.training.trainer:141 | Епоха  11/20 | Train Loss: 0.0031 | Train Acc: 0.9992 | Val Loss: 0.0046 | Val Acc: 0.9988
2026-05-25 22:01:19 | WARNING  | src.training.trainer:157 | Early stopping на епосі 11
2026-05-25 22:01:19 | INFO     | src.training.trainer:158 | Найкраща епоха: 6 | Val Loss: 0.0038
2026-05-25 22:01:19 | SUCCESS  | src.training.trainer:161 | === Навчання завершено ===
2026-05-25 22:01:19 | INFO     | src.training.evaluator:40 | === Оцінка моделі ===
2026-05-25 22:01:24 | INFO     | src.training.evaluator:55 | Accuracy:  0.9987
2026-05-25 22:01:24 | INFO     | src.training.evaluator:56 | Precision: 1.0000
2026-05-25 22:01:24 | INFO     | src.training.evaluator:57 | Recall:    0.9987
2026-05-25 22:01:24 | INFO     | src.training.evaluator:58 | F1 Score:  0.9994
2026-05-25 22:01:24 | INFO     | src.training.evaluator:59 | ROC-AUC:   0.9998
2026-05-25 22:01:24 | INFO     | src.training.evaluator:60 | 
              precision    recall  f1-score   support

      BENIGN       0.65      0.99      0.79       190
        DDoS       1.00      1.00      1.00     78201

    accuracy                           1.00     78391
   macro avg       0.83      1.00      0.89     78391
weighted avg       1.00      1.00      1.00     78391

2026-05-25 22:04:23 | INFO     | __main__:15 | Ініціалізація AI компонентів...
2026-05-25 22:04:23 | INFO     | src.detection.detector:26 | Детектор ініціалізовано | Пристрій: cuda
2026-05-25 22:04:23 | SUCCESS  | __main__:41 | AI компоненти успішно завантажено.
2026-05-25 22:05:09 | INFO     | src.data.loader:64 | Використовується список файлів, обраний у графічному інтерфейсі.
2026-05-25 22:05:09 | INFO     | src.data.loader:71 | Параметри завантаження | Кількість файлів: 1 | Частка вибірки: 100.00%
2026-05-25 22:05:09 | INFO     | src.data.loader:25 | Завантаження файлу: DrDoS_NTP.csv
2026-05-25 22:05:25 | SUCCESS  | src.data.loader:36 | DrDoS_NTP.csv: 1,217,007 рядків → вибрано 1,217,007
2026-05-25 22:05:25 | SUCCESS  | src.data.loader:94 | Всього завантажено для навчання: 1,217,007 рядків
2026-05-25 22:05:25 | INFO     | src.data.loader:95 | Розподіл класів у вибірці:
 Label
DrDoS_NTP    1202642
BENIGN         14365
Name: count, dtype: int64
2026-05-25 22:05:26 | INFO     | src.data.loader:102 | Видалено службових колонок: 9
2026-05-25 22:05:26 | INFO     | src.data.preprocessor:180 | === Початок передобробки ===
2026-05-25 22:05:26 | INFO     | src.data.preprocessor:21 | Назви колонок очищено від пробілів
2026-05-25 22:05:27 | WARNING  | src.data.preprocessor:32 | Знайдено 14,092 NaN значень — замінюємо медіаною
2026-05-25 22:05:29 | INFO     | src.data.preprocessor:35 | Некоректні значення оброблено
2026-05-25 22:05:30 | INFO     | src.data.preprocessor:55 | Маппінг міток: {'DrDoS_NTP': 1, 'BENIGN': 0}
2026-05-25 22:05:30 | INFO     | src.data.preprocessor:56 | Розподіл: {1: 1202642, 0: 14365}
2026-05-25 22:05:30 | INFO     | src.data.preprocessor:69 | Вибрано 78 ознак для навчання
2026-05-25 22:05:46 | INFO     | src.data.preprocessor:95 | Видалено 19 корельованих ознак
2026-05-25 22:05:46 | INFO     | src.data.preprocessor:96 | Залишилось 59 ознак
2026-05-25 22:05:48 | INFO     | src.data.preprocessor:158 | Train: 851,904 | Val: 121,701 | Test: 243,402
2026-05-25 22:05:50 | INFO     | src.data.preprocessor:110 | Ознаки нормалізовано (StandardScaler)
2026-05-25 22:05:50 | INFO     | src.data.preprocessor:120 | До балансування: {1: 841849, 0: 10055}
2026-05-25 22:05:53 | INFO     | src.data.preprocessor:126 | Після балансування: {1: 841849, 0: 841849}
2026-05-25 22:05:56 | SUCCESS  | src.data.preprocessor:177 | Дані збережено у D:\Projects\ddos_detection_app\data\splits
2026-05-25 22:05:56 | SUCCESS  | src.data.preprocessor:200 | === Передобробка завершена ===
2026-05-25 22:05:56 | INFO     | src.training.trainer:23 | Пристрій: cuda
2026-05-25 22:05:56 | INFO     | src.training.trainer:25 | GPU: NVIDIA GeForce GTX 1650
2026-05-25 22:05:57 | INFO     | src.training.trainer:114 | === Початок навчання ===
2026-05-25 22:05:57 | INFO     | src.training.trainer:115 | Модель: CNN+LSTM Hybrid
2026-05-25 22:05:57 | INFO     | src.training.trainer:116 | Епох: 10 | Batch: 50 | LR: 0.001
2026-05-25 22:10:26 | INFO     | src.training.trainer:141 | Епоха   1/10 | Train Loss: 0.0159 | Train Acc: 0.9961 | Val Loss: 0.0185 | Val Acc: 0.9959
2026-05-25 22:10:26 | SUCCESS  | src.training.trainer:153 | Нова найкраща модель збережена (епоха 1)
2026-05-25 22:14:53 | INFO     | src.training.trainer:141 | Епоха   2/10 | Train Loss: 0.0099 | Train Acc: 0.9974 | Val Loss: 0.0109 | Val Acc: 0.9977
2026-05-25 22:14:53 | SUCCESS  | src.training.trainer:153 | Нова найкраща модель збережена (епоха 2)
2026-05-25 22:19:23 | INFO     | src.training.trainer:141 | Епоха   3/10 | Train Loss: 0.0085 | Train Acc: 0.9976 | Val Loss: 0.0098 | Val Acc: 0.9959
2026-05-25 22:19:23 | SUCCESS  | src.training.trainer:153 | Нова найкраща модель збережена (епоха 3)
2026-05-25 22:23:52 | INFO     | src.training.trainer:141 | Епоха   4/10 | Train Loss: 0.0080 | Train Acc: 0.9977 | Val Loss: 0.0097 | Val Acc: 0.9962
2026-05-25 22:23:52 | SUCCESS  | src.training.trainer:153 | Нова найкраща модель збережена (епоха 4)
2026-05-25 22:28:24 | INFO     | src.training.trainer:141 | Епоха   5/10 | Train Loss: 0.0074 | Train Acc: 0.9978 | Val Loss: 0.0072 | Val Acc: 0.9980
2026-05-25 22:28:24 | SUCCESS  | src.training.trainer:153 | Нова найкраща модель збережена (епоха 5)
2026-05-25 22:32:57 | INFO     | src.training.trainer:141 | Епоха   6/10 | Train Loss: 0.0073 | Train Acc: 0.9979 | Val Loss: 0.0091 | Val Acc: 0.9981
2026-05-25 22:37:23 | INFO     | src.training.trainer:141 | Епоха   7/10 | Train Loss: 0.0071 | Train Acc: 0.9979 | Val Loss: 0.0064 | Val Acc: 0.9984
2026-05-25 22:37:23 | SUCCESS  | src.training.trainer:153 | Нова найкраща модель збережена (епоха 7)
2026-05-25 22:41:41 | INFO     | src.training.trainer:141 | Епоха   8/10 | Train Loss: 0.0075 | Train Acc: 0.9979 | Val Loss: 0.0075 | Val Acc: 0.9984
2026-05-25 22:45:59 | INFO     | src.training.trainer:141 | Епоха   9/10 | Train Loss: 0.0070 | Train Acc: 0.9979 | Val Loss: 0.0079 | Val Acc: 0.9983
2026-05-25 22:50:17 | INFO     | src.training.trainer:141 | Епоха  10/10 | Train Loss: 0.0072 | Train Acc: 0.9979 | Val Loss: 0.0067 | Val Acc: 0.9965
2026-05-25 22:50:17 | SUCCESS  | src.training.trainer:161 | === Навчання завершено ===
2026-05-25 22:50:17 | INFO     | src.training.evaluator:40 | === Оцінка моделі ===
2026-05-25 22:50:32 | INFO     | src.training.evaluator:55 | Accuracy:  0.9967
2026-05-25 22:50:32 | INFO     | src.training.evaluator:56 | Precision: 1.0000
2026-05-25 22:50:32 | INFO     | src.training.evaluator:57 | Recall:    0.9967
2026-05-25 22:50:32 | INFO     | src.training.evaluator:58 | F1 Score:  0.9983
2026-05-25 22:50:32 | INFO     | src.training.evaluator:59 | ROC-AUC:   0.9999
2026-05-25 22:50:32 | INFO     | src.training.evaluator:60 | 
              precision    recall  f1-score   support

      BENIGN       0.78      1.00      0.88      2873
        DDoS       1.00      1.00      1.00    240529

    accuracy                           1.00    243402
   macro avg       0.89      1.00      0.94    243402
weighted avg       1.00      1.00      1.00    243402

2026-05-25 22:50:32 | INFO     | src.training.trainer:114 | === Початок навчання ===
2026-05-25 22:50:32 | INFO     | src.training.trainer:115 | Модель: CNN+LSTM Hybrid
2026-05-25 22:50:32 | INFO     | src.training.trainer:116 | Епох: 10 | Batch: 50 | LR: 0.001
2026-05-25 22:56:20 | INFO     | __main__:15 | Ініціалізація AI компонентів...
2026-05-25 22:56:20 | INFO     | src.detection.detector:26 | Детектор ініціалізовано | Пристрій: cuda
2026-05-25 22:56:20 | SUCCESS  | __main__:41 | AI компоненти успішно завантажено.
2026-05-25 22:56:53 | INFO     | src.data.loader:64 | Використовується список файлів, обраний у графічному інтерфейсі.
2026-05-25 22:56:53 | INFO     | src.data.loader:71 | Параметри завантаження | Кількість файлів: 1 | Частка вибірки: 100.00%
2026-05-25 22:56:53 | INFO     | src.data.loader:25 | Завантаження файлу: DrDoS_NTP.csv
2026-05-25 22:57:01 | INFO     | src.data.loader:64 | Використовується список файлів, обраний у графічному інтерфейсі.
2026-05-25 22:57:01 | INFO     | src.data.loader:71 | Параметри завантаження | Кількість файлів: 1 | Частка вибірки: 2.00%
2026-05-25 22:57:01 | INFO     | src.data.loader:25 | Завантаження файлу: DrDoS_NTP.csv
2026-05-25 22:57:15 | SUCCESS  | src.data.loader:36 | DrDoS_NTP.csv: 1,217,007 рядків → вибрано 24,340
2026-05-25 22:57:15 | SUCCESS  | src.data.loader:94 | Всього завантажено для навчання: 24,340 рядків
2026-05-25 22:57:15 | INFO     | src.data.loader:95 | Розподіл класів у вибірці:
 Label
DrDoS_NTP    24034
BENIGN         306
Name: count, dtype: int64
2026-05-25 22:57:15 | INFO     | src.data.loader:102 | Видалено службових колонок: 9
2026-05-25 22:57:15 | INFO     | src.data.preprocessor:180 | === Початок передобробки ===
2026-05-25 22:57:15 | INFO     | src.data.preprocessor:21 | Назви колонок очищено від пробілів
2026-05-25 22:57:15 | WARNING  | src.data.preprocessor:32 | Знайдено 296 NaN значень — замінюємо медіаною
2026-05-25 22:57:15 | INFO     | src.data.preprocessor:35 | Некоректні значення оброблено
2026-05-25 22:57:15 | INFO     | src.data.preprocessor:55 | Маппінг міток: {'DrDoS_NTP': 1, 'BENIGN': 0}
2026-05-25 22:57:15 | INFO     | src.data.preprocessor:56 | Розподіл: {1: 24034, 0: 306}
2026-05-25 22:57:15 | INFO     | src.data.preprocessor:69 | Вибрано 78 ознак для навчання
2026-05-25 22:57:15 | INFO     | src.data.preprocessor:95 | Видалено 25 корельованих ознак
2026-05-25 22:57:15 | INFO     | src.data.preprocessor:96 | Залишилось 53 ознак
2026-05-25 22:57:15 | INFO     | src.data.preprocessor:158 | Train: 17,038 | Val: 2,434 | Test: 4,868
2026-05-25 22:57:15 | INFO     | src.data.preprocessor:110 | Ознаки нормалізовано (StandardScaler)
2026-05-25 22:57:15 | INFO     | src.data.preprocessor:120 | До балансування: {1: 16824, 0: 214}
2026-05-25 22:57:18 | INFO     | src.data.preprocessor:126 | Після балансування: {1: 16824, 0: 16824}
2026-05-25 22:57:18 | SUCCESS  | src.data.preprocessor:177 | Дані збережено у D:\Projects\ddos_detection_app\data\splits
2026-05-25 22:57:18 | SUCCESS  | src.data.preprocessor:200 | === Передобробка завершена ===
2026-05-25 22:57:18 | INFO     | src.training.trainer:23 | Пристрій: cuda
2026-05-25 22:57:18 | INFO     | src.training.trainer:25 | GPU: NVIDIA GeForce GTX 1650
2026-05-25 22:57:19 | INFO     | src.training.trainer:114 | === Початок навчання ===
2026-05-25 22:57:19 | INFO     | src.training.trainer:115 | Модель: CNN+LSTM Hybrid
2026-05-25 22:57:19 | INFO     | src.training.trainer:116 | Епох: 10 | Batch: 256 | LR: 0.001
2026-05-25 22:57:24 | INFO     | src.training.trainer:141 | Епоха   1/10 | Train Loss: 0.1120 | Train Acc: 0.9618 | Val Loss: 0.0554 | Val Acc: 0.9811
2026-05-25 22:57:24 | SUCCESS  | src.training.trainer:153 | Нова найкраща модель збережена (епоха 1)
2026-05-25 22:57:28 | INFO     | src.training.trainer:141 | Епоха   2/10 | Train Loss: 0.0227 | Train Acc: 0.9950 | Val Loss: 0.0343 | Val Acc: 0.9930
2026-05-25 22:57:28 | SUCCESS  | src.training.trainer:153 | Нова найкраща модель збережена (епоха 2)
2026-05-25 22:57:32 | INFO     | src.training.trainer:141 | Епоха   3/10 | Train Loss: 0.0204 | Train Acc: 0.9950 | Val Loss: 0.0366 | Val Acc: 0.9889
2026-05-25 22:57:36 | INFO     | src.training.trainer:141 | Епоха   4/10 | Train Loss: 0.0169 | Train Acc: 0.9957 | Val Loss: 0.0356 | Val Acc: 0.9889
2026-05-25 22:57:40 | INFO     | src.training.trainer:141 | Епоха   5/10 | Train Loss: 0.0168 | Train Acc: 0.9956 | Val Loss: 0.0286 | Val Acc: 0.9947
2026-05-25 22:57:40 | SUCCESS  | src.training.trainer:153 | Нова найкраща модель збережена (епоха 5)
2026-05-25 22:57:44 | INFO     | src.training.trainer:141 | Епоха   6/10 | Train Loss: 0.0161 | Train Acc: 0.9963 | Val Loss: 0.0304 | Val Acc: 0.9947
2026-05-25 22:57:48 | INFO     | src.training.trainer:141 | Епоха   7/10 | Train Loss: 0.0158 | Train Acc: 0.9961 | Val Loss: 0.0369 | Val Acc: 0.9889
2026-05-25 22:57:52 | INFO     | src.training.trainer:141 | Епоха   8/10 | Train Loss: 0.0156 | Train Acc: 0.9961 | Val Loss: 0.0243 | Val Acc: 0.9947
2026-05-25 22:57:52 | SUCCESS  | src.training.trainer:153 | Нова найкраща модель збережена (епоха 8)
2026-05-25 22:57:56 | INFO     | src.training.trainer:141 | Епоха   9/10 | Train Loss: 0.0156 | Train Acc: 0.9961 | Val Loss: 0.0318 | Val Acc: 0.9947
2026-05-25 22:58:00 | INFO     | src.training.trainer:141 | Епоха  10/10 | Train Loss: 0.0155 | Train Acc: 0.9963 | Val Loss: 0.0269 | Val Acc: 0.9947
2026-05-25 22:58:00 | SUCCESS  | src.training.trainer:161 | === Навчання завершено ===
2026-05-25 22:58:00 | INFO     | src.training.evaluator:40 | === Оцінка моделі ===
2026-05-25 22:58:00 | INFO     | src.training.evaluator:55 | Accuracy:  0.9971
2026-05-25 22:58:00 | INFO     | src.training.evaluator:56 | Precision: 0.9998
2026-05-25 22:58:00 | INFO     | src.training.evaluator:57 | Recall:    0.9973
2026-05-25 22:58:00 | INFO     | src.training.evaluator:58 | F1 Score:  0.9985
2026-05-25 22:58:00 | INFO     | src.training.evaluator:59 | ROC-AUC:   0.9995
2026-05-25 22:58:00 | INFO     | src.training.evaluator:60 | 
              precision    recall  f1-score   support

      BENIGN       0.82      0.98      0.90        61
        DDoS       1.00      1.00      1.00      4807

    accuracy                           1.00      4868
   macro avg       0.91      0.99      0.95      4868
weighted avg       1.00      1.00      1.00      4868

2026-05-25 22:58:01 | SUCCESS  | src.utils.visualizer:64 | Графік збережено: D:\Projects\ddos_detection_app\reports\training_history.png
2026-05-25 22:58:01 | SUCCESS  | src.utils.visualizer:138 | Метрики збережено: D:\Projects\ddos_detection_app\reports\metrics.png
2026-05-25 22:58:01 | SUCCESS  | src.utils.visualizer:96 | Confusion matrix збережено: D:\Projects\ddos_detection_app\reports\confusion_matrix.png
2026-05-25 23:06:51 | INFO     | __main__:15 | Ініціалізація AI компонентів...
2026-05-25 23:06:51 | INFO     | src.detection.detector:26 | Детектор ініціалізовано | Пристрій: cuda
2026-05-25 23:06:51 | SUCCESS  | __main__:41 | AI компоненти успішно завантажено.
2026-05-25 23:06:55 | INFO     | src.core.sniffer:230 | Початок перехоплення трафіку на інтерфейсі Ethernet...
2026-05-25 23:06:55 | INFO     | src.core.engine:31 | Обчислювальне ядро успішно запущено.
2026-05-25 23:07:59 | INFO     | src.core.engine:35 | Зупинка обчислювального ядра...
