2026-06-07 00:03:54 | INFO     | src.data.loader:64 | Використовується список файлів, обраний у графічному інтерфейсі.
2026-06-07 00:03:54 | INFO     | src.data.loader:71 | Параметри завантаження | Кількість файлів: 6 | Частка вибірки: 100.00%
2026-06-07 00:03:54 | INFO     | src.data.loader:25 | Завантаження файлу: UDPLag.csv
2026-06-07 00:03:58 | SUCCESS  | src.data.loader:36 | UDPLag.csv: 370,605 рядків → вибрано 370,605
2026-06-07 00:03:58 | INFO     | src.data.loader:25 | Завантаження файлу: Syn.csv
2026-06-07 00:04:17 | SUCCESS  | src.data.loader:36 | Syn.csv: 1,582,681 рядків → вибрано 1,582,681
2026-06-07 00:04:17 | INFO     | src.data.loader:25 | Завантаження файлу: DrDoS_NTP.csv
2026-06-07 00:04:32 | SUCCESS  | src.data.loader:36 | DrDoS_NTP.csv: 1,217,007 рядків → вибрано 1,217,007
2026-06-07 00:04:33 | INFO     | src.data.loader:25 | Завантаження файлу: DrDoS_LDAP.csv
2026-06-07 00:04:58 | SUCCESS  | src.data.loader:36 | DrDoS_LDAP.csv: 2,181,542 рядків → вибрано 2,181,542
2026-06-07 00:04:58 | INFO     | src.data.loader:25 | Завантаження файлу: DrDoS_SSDP.csv
2026-06-07 00:05:29 | SUCCESS  | src.data.loader:36 | DrDoS_SSDP.csv: 2,611,374 рядків → вибрано 2,611,374
2026-06-07 00:05:30 | INFO     | src.data.loader:25 | Завантаження файлу: DrDoS_UDP.csv
2026-06-07 00:06:07 | SUCCESS  | src.data.loader:36 | DrDoS_UDP.csv: 3,136,802 рядків → вибрано 3,136,802
2026-06-07 00:14:14 | INFO     | src.data.loader:64 | Використовується список файлів, обраний у графічному інтерфейсі.
2026-06-07 00:14:14 | INFO     | src.data.loader:71 | Параметри завантаження | Кількість файлів: 6 | Частка вибірки: 50.00%
2026-06-07 00:14:14 | INFO     | src.data.loader:25 | Завантаження файлу: UDPLag.csv
2026-06-07 00:14:18 | SUCCESS  | src.data.loader:36 | UDPLag.csv: 370,605 рядків → вибрано 185,302
2026-06-07 00:14:18 | INFO     | src.data.loader:25 | Завантаження файлу: Syn.csv
2026-06-07 00:14:35 | SUCCESS  | src.data.loader:36 | Syn.csv: 1,582,681 рядків → вибрано 791,340
2026-06-07 00:14:35 | INFO     | src.data.loader:25 | Завантаження файлу: DrDoS_NTP.csv
2026-06-07 00:14:50 | SUCCESS  | src.data.loader:36 | DrDoS_NTP.csv: 1,217,007 рядків → вибрано 608,504
2026-06-07 00:14:50 | INFO     | src.data.loader:25 | Завантаження файлу: DrDoS_LDAP.csv
2026-06-07 00:15:13 | SUCCESS  | src.data.loader:36 | DrDoS_LDAP.csv: 2,181,542 рядків → вибрано 1,090,771
2026-06-07 00:15:13 | INFO     | src.data.loader:25 | Завантаження файлу: DrDoS_SSDP.csv
2026-06-07 00:15:45 | SUCCESS  | src.data.loader:36 | DrDoS_SSDP.csv: 2,611,374 рядків → вибрано 1,305,687
2026-06-07 00:15:45 | INFO     | src.data.loader:25 | Завантаження файлу: DrDoS_UDP.csv
2026-06-07 00:16:21 | SUCCESS  | src.data.loader:36 | DrDoS_UDP.csv: 3,136,802 рядків → вибрано 1,568,401
2026-06-07 00:16:22 | SUCCESS  | src.data.loader:94 | Всього завантажено для навчання: 5,550,005 рядків
2026-06-07 00:16:22 | INFO     | src.data.loader:95 | Розподіл класів у вибірці:
 Label
DrDoS_UDP     1567344
DrDoS_SSDP    1305309
DrDoS_LDAP    1089985
Syn            791144
DrDoS_NTP      601223
UDP-lag        183203
BENIGN          11586
WebDDoS           211
Name: count, dtype: int64
2026-06-07 00:16:24 | INFO     | src.data.loader:102 | Видалено службових колонок: 9
2026-06-07 00:16:25 | INFO     | src.data.preprocessor:180 | === Початок передобробки ===
2026-06-07 00:16:25 | INFO     | src.data.preprocessor:21 | Назви колонок очищено від пробілів
2026-06-07 00:16:31 | WARNING  | src.data.preprocessor:32 | Знайдено 367,736 NaN значень — замінюємо медіаною
2026-06-07 00:16:39 | INFO     | src.data.preprocessor:35 | Некоректні значення оброблено
2026-06-07 00:16:40 | INFO     | src.data.preprocessor:55 | Маппінг міток: {'UDP-lag': 1, 'BENIGN': 0, 'WebDDoS': 1, 'Syn': 1, 'DrDoS_NTP': 1, 'DrDoS_LDAP': 1, 'DrDoS_SSDP': 1, 'DrDoS_UDP': 1}
2026-06-07 00:16:40 | INFO     | src.data.preprocessor:56 | Розподіл: {1: 5538419, 0: 11586}
2026-06-07 00:16:44 | INFO     | src.data.preprocessor:69 | Вибрано 78 ознак для навчання
2026-06-07 00:17:55 | INFO     | src.data.preprocessor:95 | Видалено 29 корельованих ознак
2026-06-07 00:17:55 | INFO     | src.data.preprocessor:96 | Залишилось 49 ознак
2026-06-07 00:18:07 | INFO     | src.data.preprocessor:158 | Train: 3,885,003 | Val: 555,001 | Test: 1,110,001
2026-06-07 00:18:10 | INFO     | src.data.preprocessor:110 | Ознаки нормалізовано (StandardScaler)
2026-06-07 00:18:10 | INFO     | src.data.preprocessor:120 | До балансування: {1: 3876893, 0: 8110}
2026-06-07 00:18:18 | INFO     | src.data.preprocessor:126 | Після балансування: {1: 3876893, 0: 3876893}
2026-06-07 00:18:29 | SUCCESS  | src.data.preprocessor:177 | Дані збережено у D:\Projects\ddos_detection_app\data\splits
2026-06-07 00:18:29 | SUCCESS  | src.data.preprocessor:200 | === Передобробка завершена ===
2026-06-07 00:18:29 | INFO     | src.training.trainer:25 | Пристрій: cuda
2026-06-07 00:18:29 | INFO     | src.training.trainer:27 | GPU: NVIDIA GeForce GTX 1650
2026-06-07 00:18:31 | INFO     | src.training.trainer:138 | === Початок навчання ===
2026-06-07 00:18:31 | INFO     | src.training.trainer:139 | Модель: CNN+LSTM Hybrid
2026-06-07 00:18:31 | INFO     | src.training.trainer:140 | Епох: 50 | Batch: 64 | LR: 0.001
2026-06-07 00:32:49 | INFO     | src.data.loader:64 | Використовується список файлів, обраний у графічному інтерфейсі.
2026-06-07 00:32:49 | INFO     | src.data.loader:71 | Параметри завантаження | Кількість файлів: 6 | Частка вибірки: 20.00%
2026-06-07 00:32:49 | INFO     | src.data.loader:25 | Завантаження файлу: UDPLag.csv
2026-06-07 00:32:52 | SUCCESS  | src.data.loader:36 | UDPLag.csv: 370,605 рядків → вибрано 74,121
2026-06-07 00:32:52 | INFO     | src.data.loader:25 | Завантаження файлу: Syn.csv
2026-06-07 00:33:06 | SUCCESS  | src.data.loader:36 | Syn.csv: 1,582,681 рядків → вибрано 316,536
2026-06-07 00:33:06 | INFO     | src.data.loader:25 | Завантаження файлу: DrDoS_NTP.csv
2026-06-07 00:33:19 | SUCCESS  | src.data.loader:36 | DrDoS_NTP.csv: 1,217,007 рядків → вибрано 243,401
2026-06-07 00:33:19 | INFO     | src.data.loader:25 | Завантаження файлу: DrDoS_LDAP.csv
2026-06-07 00:33:38 | SUCCESS  | src.data.loader:36 | DrDoS_LDAP.csv: 2,181,542 рядків → вибрано 436,308
2026-06-07 00:33:38 | INFO     | src.data.loader:25 | Завантаження файлу: DrDoS_SSDP.csv
2026-06-07 00:34:04 | SUCCESS  | src.data.loader:36 | DrDoS_SSDP.csv: 2,611,374 рядків → вибрано 522,275
2026-06-07 00:34:04 | INFO     | src.data.loader:25 | Завантаження файлу: DrDoS_UDP.csv
2026-06-07 00:34:35 | SUCCESS  | src.data.loader:36 | DrDoS_UDP.csv: 3,136,802 рядків → вибрано 627,360
2026-06-07 00:34:35 | SUCCESS  | src.data.loader:94 | Всього завантажено для навчання: 2,220,001 рядків
2026-06-07 00:34:35 | INFO     | src.data.loader:95 | Розподіл класів у вибірці:
 Label
DrDoS_UDP     626942
DrDoS_SSDP    522132
DrDoS_LDAP    435982
Syn           316457
DrDoS_NTP     240490
UDP-lag        73301
BENIGN          4611
WebDDoS           86
Name: count, dtype: int64
2026-06-07 00:34:36 | INFO     | src.data.loader:102 | Видалено службових колонок: 9
2026-06-07 00:34:36 | INFO     | src.data.preprocessor:180 | === Початок передобробки ===
2026-06-07 00:34:36 | INFO     | src.data.preprocessor:21 | Назви колонок очищено від пробілів
2026-06-07 00:34:38 | WARNING  | src.data.preprocessor:32 | Знайдено 147,012 NaN значень — замінюємо медіаною
2026-06-07 00:34:41 | INFO     | src.data.preprocessor:35 | Некоректні значення оброблено
2026-06-07 00:34:42 | INFO     | src.data.preprocessor:55 | Маппінг міток: {'UDP-lag': 1, 'BENIGN': 0, 'WebDDoS': 1, 'Syn': 1, 'DrDoS_NTP': 1, 'DrDoS_LDAP': 1, 'DrDoS_SSDP': 1, 'DrDoS_UDP': 1}
2026-06-07 00:34:42 | INFO     | src.data.preprocessor:56 | Розподіл: {1: 2215390, 0: 4611}
2026-06-07 00:34:43 | INFO     | src.data.preprocessor:69 | Вибрано 78 ознак для навчання
2026-06-07 00:35:11 | INFO     | src.data.preprocessor:95 | Видалено 29 корельованих ознак
2026-06-07 00:35:11 | INFO     | src.data.preprocessor:96 | Залишилось 49 ознак
2026-06-07 00:35:15 | INFO     | src.data.preprocessor:158 | Train: 1,554,000 | Val: 222,000 | Test: 444,001
2026-06-07 00:35:16 | INFO     | src.data.preprocessor:110 | Ознаки нормалізовано (StandardScaler)
2026-06-07 00:35:16 | INFO     | src.data.preprocessor:120 | До балансування: {1: 1550772, 0: 3228}
2026-06-07 00:35:20 | INFO     | src.data.preprocessor:126 | Після балансування: {1: 1550772, 0: 1550772}
2026-06-07 00:35:24 | SUCCESS  | src.data.preprocessor:177 | Дані збережено у D:\Projects\ddos_detection_app\data\splits
2026-06-07 00:35:24 | SUCCESS  | src.data.preprocessor:200 | === Передобробка завершена ===
2026-06-07 00:35:25 | INFO     | src.training.trainer:25 | Пристрій: cuda
2026-06-07 00:35:25 | INFO     | src.training.trainer:27 | GPU: NVIDIA GeForce GTX 1650
2026-06-07 00:35:26 | INFO     | src.training.trainer:138 | === Початок навчання ===
2026-06-07 00:35:26 | INFO     | src.training.trainer:139 | Модель: CNN+LSTM Hybrid
2026-06-07 00:35:26 | INFO     | src.training.trainer:140 | Епох: 50 | Batch: 128 | LR: 0.001
2026-06-07 00:41:35 | INFO     | src.training.trainer:172 | Епоха   1/50 | Loss: 0.0216 / 0.0064 | Acc: 0.9953 / 0.9989 | F1: 0.9953 / 0.9995
2026-06-07 00:41:35 | SUCCESS  | src.training.trainer:185 | Нова найкраща модель збережена (епоха 1)
2026-06-07 00:47:44 | INFO     | src.training.trainer:172 | Епоха   2/50 | Loss: 0.0060 / 0.0042 | Acc: 0.9987 / 0.9991 | F1: 0.9987 / 0.9995
2026-06-07 00:47:44 | SUCCESS  | src.training.trainer:185 | Нова найкраща модель збережена (епоха 2)
2026-06-07 00:53:53 | INFO     | src.training.trainer:172 | Епоха   3/50 | Loss: 0.0047 / 0.0038 | Acc: 0.9990 / 0.9989 | F1: 0.9990 / 0.9995
2026-06-07 00:53:53 | SUCCESS  | src.training.trainer:185 | Нова найкраща модель збережена (епоха 3)
2026-06-07 01:00:02 | INFO     | src.training.trainer:172 | Епоха   4/50 | Loss: 0.0041 / 0.0050 | Acc: 0.9991 / 0.9991 | F1: 0.9991 / 0.9996
2026-06-07 01:06:10 | INFO     | src.training.trainer:172 | Епоха   5/50 | Loss: 0.0036 / 0.0031 | Acc: 0.9992 / 0.9991 | F1: 0.9992 / 0.9995
2026-06-07 01:06:10 | SUCCESS  | src.training.trainer:185 | Нова найкраща модель збережена (епоха 5)
2026-06-07 01:12:18 | INFO     | src.training.trainer:172 | Епоха   6/50 | Loss: 0.0034 / 0.0037 | Acc: 0.9992 / 0.9992 | F1: 0.9992 / 0.9996
2026-06-07 01:18:26 | INFO     | src.training.trainer:172 | Епоха   7/50 | Loss: 0.0037 / 0.0060 | Acc: 0.9992 / 0.9980 | F1: 0.9992 / 0.9990
2026-06-07 01:24:34 | INFO     | src.training.trainer:172 | Епоха   8/50 | Loss: 0.0036 / 0.0044 | Acc: 0.9992 / 0.9992 | F1: 0.9992 / 0.9996
2026-06-07 01:30:42 | INFO     | src.training.trainer:172 | Епоха   9/50 | Loss: 0.0032 / 0.0033 | Acc: 0.9993 / 0.9993 | F1: 0.9993 / 0.9996
2026-06-07 01:36:50 | INFO     | src.training.trainer:172 | Епоха  10/50 | Loss: 0.0025 / 0.0023 | Acc: 0.9994 / 0.9993 | F1: 0.9994 / 0.9997
2026-06-07 01:36:50 | SUCCESS  | src.training.trainer:185 | Нова найкраща модель збережена (епоха 10)
2026-06-07 01:42:58 | INFO     | src.training.trainer:172 | Епоха  11/50 | Loss: 0.0024 / 0.0027 | Acc: 0.9994 / 0.9995 | F1: 0.9994 / 0.9998
2026-06-07 01:49:06 | INFO     | src.training.trainer:172 | Епоха  12/50 | Loss: 0.0024 / 0.0027 | Acc: 0.9994 / 0.9993 | F1: 0.9994 / 0.9997
2026-06-07 01:55:14 | INFO     | src.training.trainer:172 | Епоха  13/50 | Loss: 0.0024 / 0.0021 | Acc: 0.9994 / 0.9994 | F1: 0.9994 / 0.9997
2026-06-07 01:55:14 | SUCCESS  | src.training.trainer:185 | Нова найкраща модель збережена (епоха 13)
2026-06-07 02:01:22 | INFO     | src.training.trainer:172 | Епоха  14/50 | Loss: 0.0022 / 0.0029 | Acc: 0.9994 / 0.9994 | F1: 0.9994 / 0.9997
2026-06-07 02:07:30 | INFO     | src.training.trainer:172 | Епоха  15/50 | Loss: 0.0025 / 0.0027 | Acc: 0.9994 / 0.9993 | F1: 0.9994 / 0.9996
2026-06-07 02:13:37 | INFO     | src.training.trainer:172 | Епоха  16/50 | Loss: 0.0024 / 0.0024 | Acc: 0.9995 / 0.9994 | F1: 0.9995 / 0.9997
2026-06-07 02:19:45 | INFO     | src.training.trainer:172 | Епоха  17/50 | Loss: 0.0022 / 0.0025 | Acc: 0.9994 / 0.9994 | F1: 0.9994 / 0.9997
2026-06-07 02:25:53 | INFO     | src.training.trainer:172 | Епоха  18/50 | Loss: 0.0021 / 0.0021 | Acc: 0.9995 / 0.9996 | F1: 0.9995 / 0.9998
2026-06-07 02:25:53 | WARNING  | src.training.trainer:189 | Early stopping на епосі 18
2026-06-07 02:25:53 | SUCCESS  | src.training.trainer:192 | === Навчання завершено ===
2026-06-07 02:25:53 | SUCCESS  | src.training.trainer:216 | Історію навчання збережено: logs\training_history_hybrid_2026-06-07_02-25-53.csv
2026-06-07 02:25:53 | INFO     | src.training.evaluator:40 | === Оцінка моделі ===
2026-06-07 02:26:17 | INFO     | src.training.evaluator:55 | Accuracy:  0.9997
2026-06-07 02:26:17 | INFO     | src.training.evaluator:56 | Precision: 1.0000
2026-06-07 02:26:17 | INFO     | src.training.evaluator:57 | Recall:    0.9997
2026-06-07 02:26:17 | INFO     | src.training.evaluator:58 | F1 Score:  0.9998
2026-06-07 02:26:17 | INFO     | src.training.evaluator:59 | ROC-AUC:   1.0000
2026-06-07 02:26:17 | INFO     | src.training.evaluator:60 | 
              precision    recall  f1-score   support

      BENIGN       0.86      1.00      0.92       922
        DDoS       1.00      1.00      1.00    443079

    accuracy                           1.00    444001
   macro avg       0.93      1.00      0.96    444001
weighted avg       1.00      1.00      1.00    444001

2026-06-07 02:26:18 | SUCCESS  | src.utils.visualizer:105 | Графік базової динаміки збережено: D:\Projects\ddos_detection_app\reports\training_history.png
2026-06-07 02:26:18 | SUCCESS  | src.utils.visualizer:158 | Графік розширених метрик збережено: D:\Projects\ddos_detection_app\reports\epoch_metrics.png
2026-06-07 02:26:18 | SUCCESS  | src.utils.visualizer:53 | Confusion matrix збережено: D:\Projects\ddos_detection_app\reports\confusion_matrix.png
2026-06-07 03:12:48 | INFO     | __main__:15 | Ініціалізація AI компонентів...
2026-06-07 03:12:48 | INFO     | src.detection.detector:26 | Детектор ініціалізовано | Пристрій: cuda
2026-06-07 03:12:48 | SUCCESS  | __main__:41 | AI компоненти успішно завантажено.
2026-06-07 03:13:19 | INFO     | src.core.sniffer:230 | Початок перехоплення трафіку на інтерфейсі Ethernet...
2026-06-07 03:13:19 | INFO     | src.core.engine:31 | Обчислювальне ядро успішно запущено.
2026-06-07 16:11:12 | INFO     | __main__:15 | Ініціалізація AI компонентів...
2026-06-07 16:11:12 | INFO     | src.detection.detector:26 | Детектор ініціалізовано | Пристрій: cuda
2026-06-07 16:11:12 | SUCCESS  | __main__:41 | AI компоненти успішно завантажено.
2026-06-07 16:12:24 | INFO     | src.core.sniffer:230 | Початок перехоплення трафіку на інтерфейсі Ethernet...
2026-06-07 16:12:24 | INFO     | src.core.engine:31 | Обчислювальне ядро успішно запущено.
2026-06-07 16:12:35 | INFO     | src.core.engine:35 | Зупинка обчислювального ядра...
2026-06-07 16:12:37 | INFO     | src.core.sniffer:230 | Початок перехоплення трафіку на інтерфейсі Ethernet 2...
2026-06-07 16:12:37 | INFO     | src.core.engine:31 | Обчислювальне ядро успішно запущено.
2026-06-07 16:58:30 | INFO     | __main__:15 | Ініціалізація AI компонентів...
2026-06-07 16:58:30 | INFO     | src.detection.detector:26 | Детектор ініціалізовано | Пристрій: cuda
2026-06-07 16:58:30 | SUCCESS  | __main__:41 | AI компоненти успішно завантажено.
2026-06-07 16:58:38 | INFO     | src.core.sniffer:230 | Початок перехоплення трафіку на інтерфейсі {34241747-5EE5-4F1D-8032-94767D9223C6}...
2026-06-07 16:58:38 | INFO     | src.core.engine:31 | Обчислювальне ядро успішно запущено.
2026-06-07 16:58:38 | ERROR    | src.core.sniffer:242 | Критична помилка сніфера: Interface '{34241747-5EE5-4F1D-8032-94767D9223C6}' not found !
2026-06-07 16:58:38 | WARNING  | src.core.sniffer:243 | Якщо ви на Windows, переконайтеся, що у вас встановлено Npcap (входить до складу Wireshark).
2026-06-07 16:58:51 | INFO     | src.core.engine:35 | Зупинка обчислювального ядра...
2026-06-07 17:01:48 | INFO     | __main__:15 | Ініціалізація AI компонентів...
2026-06-07 17:01:48 | INFO     | src.detection.detector:26 | Детектор ініціалізовано | Пристрій: cuda
2026-06-07 17:01:48 | SUCCESS  | __main__:41 | AI компоненти успішно завантажено.
2026-06-07 17:01:53 | INFO     | src.core.sniffer:230 | Початок перехоплення трафіку на інтерфейсі \Device\NPF_{34241747-5EE5-4F1D-8032-94767D9223C6}...
2026-06-07 17:01:53 | INFO     | src.core.engine:31 | Обчислювальне ядро успішно запущено.
2026-06-07 17:01:53 | ERROR    | src.core.sniffer:242 | Критична помилка сніфера: Interface '\Device\NPF_{34241747-5EE5-4F1D-8032-94767D9223C6}' not found !
2026-06-07 17:01:53 | WARNING  | src.core.sniffer:243 | Якщо ви на Windows, переконайтеся, що у вас встановлено Npcap (входить до складу Wireshark).
2026-06-07 17:06:29 | INFO     | __main__:15 | Ініціалізація AI компонентів...
2026-06-07 17:06:29 | INFO     | src.detection.detector:26 | Детектор ініціалізовано | Пристрій: cuda
2026-06-07 17:06:29 | SUCCESS  | __main__:41 | AI компоненти успішно завантажено.
2026-06-07 17:08:19 | INFO     | __main__:15 | Ініціалізація AI компонентів...
2026-06-07 17:08:19 | INFO     | src.detection.detector:26 | Детектор ініціалізовано | Пристрій: cuda
2026-06-07 17:08:19 | SUCCESS  | __main__:41 | AI компоненти успішно завантажено.
2026-06-07 17:08:24 | INFO     | src.core.sniffer:230 | Початок перехоплення трафіку на інтерфейсі \Device\NPF_{34241747-5EE5-4F1D-8032-94767D9223C6}...
2026-06-07 17:08:24 | INFO     | src.core.engine:31 | Обчислювальне ядро успішно запущено.
2026-06-07 17:09:09 | INFO     | src.core.engine:35 | Зупинка обчислювального ядра...
2026-06-07 17:10:59 | INFO     | __main__:15 | Ініціалізація AI компонентів...
2026-06-07 17:10:59 | INFO     | src.detection.detector:26 | Детектор ініціалізовано | Пристрій: cuda
2026-06-07 17:10:59 | SUCCESS  | __main__:41 | AI компоненти успішно завантажено.
2026-06-07 17:11:23 | INFO     | src.core.sniffer:230 | Початок перехоплення трафіку на інтерфейсі \Device\NPF_{34241747-5EE5-4F1D-8032-94767D9223C6}...
2026-06-07 17:11:23 | INFO     | src.core.engine:31 | Обчислювальне ядро успішно запущено.
2026-06-07 17:12:40 | INFO     | src.core.engine:35 | Зупинка обчислювального ядра...
2026-06-07 17:13:49 | INFO     | __main__:15 | Ініціалізація AI компонентів...
2026-06-07 17:13:49 | INFO     | src.detection.detector:26 | Детектор ініціалізовано | Пристрій: cuda
2026-06-07 17:13:49 | SUCCESS  | __main__:41 | AI компоненти успішно завантажено.
2026-06-07 17:19:12 | INFO     | __main__:15 | Ініціалізація AI компонентів...
2026-06-07 17:19:12 | INFO     | src.detection.detector:26 | Детектор ініціалізовано | Пристрій: cuda
2026-06-07 17:19:12 | SUCCESS  | __main__:41 | AI компоненти успішно завантажено.
