2026-05-26 20:33:42 | INFO     | __main__:15 | Ініціалізація AI компонентів...
2026-05-26 20:33:42 | INFO     | src.detection.detector:26 | Детектор ініціалізовано | Пристрій: cuda
2026-05-26 20:33:42 | SUCCESS  | __main__:41 | AI компоненти успішно завантажено.
2026-05-26 20:33:49 | INFO     | src.core.sniffer:230 | Початок перехоплення трафіку на інтерфейсі Ethernet...
2026-05-26 20:33:49 | INFO     | src.core.engine:31 | Обчислювальне ядро успішно запущено.
2026-05-26 20:35:07 | INFO     | src.core.engine:35 | Зупинка обчислювального ядра...
2026-05-26 20:36:00 | INFO     | src.data.loader:64 | Використовується список файлів, обраний у графічному інтерфейсі.
2026-05-26 20:36:00 | INFO     | src.data.loader:71 | Параметри завантаження | Кількість файлів: 1 | Частка вибірки: 2.00%
2026-05-26 20:36:00 | INFO     | src.data.loader:25 | Завантаження файлу: Syn.csv
2026-05-26 20:36:17 | SUCCESS  | src.data.loader:36 | Syn.csv: 1,582,681 рядків → вибрано 31,654
2026-05-26 20:36:17 | SUCCESS  | src.data.loader:94 | Всього завантажено для навчання: 31,654 рядків
2026-05-26 20:36:17 | INFO     | src.data.loader:95 | Розподіл класів у вибірці:
 Label
Syn       31647
BENIGN        7
Name: count, dtype: int64
2026-05-26 20:36:17 | INFO     | src.data.loader:102 | Видалено службових колонок: 9
2026-05-26 20:36:17 | INFO     | src.data.preprocessor:180 | === Початок передобробки ===
2026-05-26 20:36:17 | INFO     | src.data.preprocessor:21 | Назви колонок очищено від пробілів
2026-05-26 20:36:17 | WARNING  | src.data.preprocessor:32 | Знайдено 8,002 NaN значень — замінюємо медіаною
2026-05-26 20:36:17 | INFO     | src.data.preprocessor:35 | Некоректні значення оброблено
2026-05-26 20:36:17 | INFO     | src.data.preprocessor:55 | Маппінг міток: {'Syn': 1, 'BENIGN': 0}
2026-05-26 20:36:17 | INFO     | src.data.preprocessor:56 | Розподіл: {1: 31647, 0: 7}
2026-05-26 20:36:17 | INFO     | src.data.preprocessor:69 | Вибрано 78 ознак для навчання
2026-05-26 20:36:17 | INFO     | src.data.preprocessor:95 | Видалено 38 корельованих ознак
2026-05-26 20:36:17 | INFO     | src.data.preprocessor:96 | Залишилось 40 ознак
2026-05-26 20:36:17 | INFO     | src.data.preprocessor:158 | Train: 22,157 | Val: 3,166 | Test: 6,331
2026-05-26 20:36:17 | INFO     | src.data.preprocessor:110 | Ознаки нормалізовано (StandardScaler)
2026-05-26 20:36:17 | INFO     | src.data.preprocessor:120 | До балансування: {1: 22152, 0: 5}
2026-05-26 20:37:07 | INFO     | src.data.loader:64 | Використовується список файлів, обраний у графічному інтерфейсі.
2026-05-26 20:37:07 | INFO     | src.data.loader:71 | Параметри завантаження | Кількість файлів: 1 | Частка вибірки: 2.00%
2026-05-26 20:37:07 | INFO     | src.data.loader:25 | Завантаження файлу: DrDoS_UDP.csv
2026-05-26 20:37:43 | SUCCESS  | src.data.loader:36 | DrDoS_UDP.csv: 3,136,802 рядків → вибрано 62,736
2026-05-26 20:37:43 | SUCCESS  | src.data.loader:94 | Всього завантажено для навчання: 62,736 рядків
2026-05-26 20:37:43 | INFO     | src.data.loader:95 | Розподіл класів у вибірці:
 Label
DrDoS_UDP    62698
BENIGN          38
Name: count, dtype: int64
2026-05-26 20:37:43 | INFO     | src.data.loader:102 | Видалено службових колонок: 9
2026-05-26 20:37:43 | INFO     | src.data.preprocessor:180 | === Початок передобробки ===
2026-05-26 20:37:43 | INFO     | src.data.preprocessor:21 | Назви колонок очищено від пробілів
2026-05-26 20:37:43 | WARNING  | src.data.preprocessor:32 | Знайдено 1,690 NaN значень — замінюємо медіаною
2026-05-26 20:37:43 | INFO     | src.data.preprocessor:35 | Некоректні значення оброблено
2026-05-26 20:37:43 | INFO     | src.data.preprocessor:55 | Маппінг міток: {'DrDoS_UDP': 1, 'BENIGN': 0}
2026-05-26 20:37:43 | INFO     | src.data.preprocessor:56 | Розподіл: {1: 62698, 0: 38}
2026-05-26 20:37:44 | INFO     | src.data.preprocessor:69 | Вибрано 78 ознак для навчання
2026-05-26 20:37:44 | INFO     | src.data.preprocessor:95 | Видалено 34 корельованих ознак
2026-05-26 20:37:44 | INFO     | src.data.preprocessor:96 | Залишилось 44 ознак
2026-05-26 20:37:44 | INFO     | src.data.preprocessor:158 | Train: 43,914 | Val: 6,274 | Test: 12,548
2026-05-26 20:37:44 | INFO     | src.data.preprocessor:110 | Ознаки нормалізовано (StandardScaler)
2026-05-26 20:37:44 | INFO     | src.data.preprocessor:120 | До балансування: {1: 43888, 0: 26}
2026-05-26 20:37:47 | INFO     | src.data.preprocessor:126 | Після балансування: {1: 43888, 0: 43888}
2026-05-26 20:37:47 | SUCCESS  | src.data.preprocessor:177 | Дані збережено у D:\Projects\ddos_detection_app\data\splits
2026-05-26 20:37:47 | SUCCESS  | src.data.preprocessor:200 | === Передобробка завершена ===
2026-05-26 20:37:47 | INFO     | src.training.trainer:23 | Пристрій: cuda
2026-05-26 20:37:47 | INFO     | src.training.trainer:25 | GPU: NVIDIA GeForce GTX 1650
2026-05-26 20:37:48 | INFO     | src.training.trainer:114 | === Початок навчання ===
2026-05-26 20:37:48 | INFO     | src.training.trainer:115 | Модель: CNN+LSTM Hybrid
2026-05-26 20:37:48 | INFO     | src.training.trainer:116 | Епох: 10 | Batch: 256 | LR: 0.001
2026-05-26 20:37:59 | INFO     | src.training.trainer:141 | Епоха   1/10 | Train Loss: 0.1033 | Train Acc: 0.9639 | Val Loss: 0.0038 | Val Acc: 0.9995
2026-05-26 20:37:59 | SUCCESS  | src.training.trainer:153 | Нова найкраща модель збережена (епоха 1)
2026-05-26 20:38:09 | INFO     | src.training.trainer:141 | Епоха   2/10 | Train Loss: 0.0020 | Train Acc: 0.9998 | Val Loss: 0.0041 | Val Acc: 0.9995
2026-05-26 20:38:20 | INFO     | src.training.trainer:141 | Епоха   3/10 | Train Loss: 0.0022 | Train Acc: 0.9997 | Val Loss: 0.0039 | Val Acc: 0.9995
2026-05-26 20:38:30 | INFO     | src.training.trainer:141 | Епоха   4/10 | Train Loss: 0.0021 | Train Acc: 0.9998 | Val Loss: 0.0041 | Val Acc: 0.9995
2026-05-26 20:38:40 | INFO     | src.training.trainer:141 | Епоха   5/10 | Train Loss: 0.0019 | Train Acc: 0.9998 | Val Loss: 0.0041 | Val Acc: 0.9995
2026-05-26 20:38:51 | INFO     | src.training.trainer:141 | Епоха   6/10 | Train Loss: 0.0019 | Train Acc: 0.9998 | Val Loss: 0.0040 | Val Acc: 0.9995
2026-05-26 20:38:51 | WARNING  | src.training.trainer:157 | Early stopping на епосі 6
2026-05-26 20:38:51 | INFO     | src.training.trainer:158 | Найкраща епоха: 1 | Val Loss: 0.0038
2026-05-26 20:38:51 | SUCCESS  | src.training.trainer:161 | === Навчання завершено ===
2026-05-26 20:38:51 | INFO     | src.training.evaluator:40 | === Оцінка моделі ===
2026-05-26 20:38:52 | INFO     | src.training.evaluator:55 | Accuracy:  0.9997
2026-05-26 20:38:52 | INFO     | src.training.evaluator:56 | Precision: 0.9999
2026-05-26 20:38:52 | INFO     | src.training.evaluator:57 | Recall:    0.9998
2026-05-26 20:38:52 | INFO     | src.training.evaluator:58 | F1 Score:  0.9998
2026-05-26 20:38:52 | INFO     | src.training.evaluator:59 | ROC-AUC:   0.9996
2026-05-26 20:38:52 | INFO     | src.training.evaluator:60 | 
              precision    recall  f1-score   support

      BENIGN       0.70      0.88      0.78         8
        DDoS       1.00      1.00      1.00     12540

    accuracy                           1.00     12548
   macro avg       0.85      0.94      0.89     12548
weighted avg       1.00      1.00      1.00     12548

2026-05-26 20:38:52 | SUCCESS  | src.utils.visualizer:64 | Графік збережено: D:\Projects\ddos_detection_app\reports\training_history.png
2026-05-26 20:38:52 | SUCCESS  | src.utils.visualizer:138 | Метрики збережено: D:\Projects\ddos_detection_app\reports\metrics.png
2026-05-26 20:38:53 | SUCCESS  | src.utils.visualizer:96 | Confusion matrix збережено: D:\Projects\ddos_detection_app\reports\confusion_matrix.png
